2020-11-27 14:22:25,453 [Worker-5: Loading available Gradle versions] INFO  o.e.b.c.i.u.g.PublishedGradleVersions - Gradle version information cache is up-to-date. Trying to read.
2020-11-27 15:47:10,305 [Worker-17: Creating maven-archetype-quickstart] INFO  o.e.m.c.i.p.ProjectConfigurationManager - Collecting project info '/pom.xml' C:\Users\OCTAVIO-LAPTOP\Dropbox\EDUCACION IT\Java Standard\Codigos\Clase02\FundamentosPOO\pom.xml
2020-11-27 15:47:16,763 [Worker-17: Creating maven-archetype-quickstart] INFO  o.e.m.c.i.l.LifecycleMappingFactory - Using org.eclipse.m2e.jdt.JarLifecycleMapping lifecycle mapping for MavenProject: com.educacionIT.javase:FundamentosPOO:0.0.1-SNAPSHOT @ C:\Users\OCTAVIO-LAPTOP\Dropbox\EDUCACION IT\Java Standard\Codigos\Clase02\FundamentosPOO\pom.xml.
2020-11-27 15:47:22,128 [Worker-17: Creating maven-archetype-quickstart] INFO  o.e.m.j.i.AbstractJavaProjectConfigurator - Adding source folder /FundamentosPOO/src/main/java
2020-11-27 15:47:22,181 [Worker-17: Creating maven-archetype-quickstart] INFO  o.e.m.j.i.AbstractJavaProjectConfigurator - Adding source folder /FundamentosPOO/src/test/java
2020-11-27 15:47:23,387 [Worker-17: Creating maven-archetype-quickstart] INFO  o.e.m.c.i.p.ProjectConfigurationManager - Imported and configured 1 project(s) in 13 sec
2020-11-27 15:47:28,508 [Worker-24: Building] INFO  o.e.m.c.i.embedder.EclipseLogger - Using 'UTF-8' encoding to copy filtered resources.
2020-11-27 15:47:28,516 [Worker-24: Building] INFO  o.e.m.c.i.embedder.EclipseLogger - skip non existing resourceDirectory C:\Users\OCTAVIO-LAPTOP\Dropbox\EDUCACION IT\Java Standard\Codigos\Clase02\FundamentosPOO\src\main\resources
2020-11-27 15:47:28,525 [Worker-24: Building] INFO  o.e.m.c.i.embedder.EclipseLogger - Using 'UTF-8' encoding to copy filtered resources.
2020-11-27 15:47:28,525 [Worker-24: Building] INFO  o.e.m.c.i.embedder.EclipseLogger - skip non existing resourceDirectory C:\Users\OCTAVIO-LAPTOP\Dropbox\EDUCACION IT\Java Standard\Codigos\Clase02\FundamentosPOO\src\test\resources
2020-11-27 16:04:50,210 [Worker-23: Building] INFO  o.e.m.c.i.embedder.EclipseLogger - Using 'UTF-8' encoding to copy filtered resources.
2020-11-27 16:04:50,211 [Worker-23: Building] INFO  o.e.m.c.i.embedder.EclipseLogger - skip non existing resourceDirectory C:\Users\OCTAVIO-LAPTOP\Dropbox\EDUCACION IT\Java Standard\Codigos\Clase02\FundamentosPOO\src\main\resources
2020-11-27 16:04:50,216 [Worker-23: Building] INFO  o.e.m.c.i.embedder.EclipseLogger - Using 'UTF-8' encoding to copy filtered resources.
2020-11-27 16:04:50,216 [Worker-23: Building] INFO  o.e.m.c.i.embedder.EclipseLogger - skip non existing resourceDirectory C:\Users\OCTAVIO-LAPTOP\Dropbox\EDUCACION IT\Java Standard\Codigos\Clase02\FundamentosPOO\src\test\resources
2020-11-27 16:05:10,277 [Worker-23: Building] INFO  o.e.m.c.i.embedder.EclipseLogger - Using 'UTF-8' encoding to copy filtered resources.
2020-11-27 16:05:10,286 [Worker-23: Building] INFO  o.e.m.c.i.embedder.EclipseLogger - skip non existing resourceDirectory C:\Users\OCTAVIO-LAPTOP\Dropbox\EDUCACION IT\Java Standard\Codigos\Clase02\FundamentosPOO\src\main\resources
2020-11-27 16:05:10,298 [Worker-23: Building] INFO  o.e.m.c.i.embedder.EclipseLogger - Using 'UTF-8' encoding to copy filtered resources.
2020-11-27 16:05:10,300 [Worker-23: Building] INFO  o.e.m.c.i.embedder.EclipseLogger - skip non existing resourceDirectory C:\Users\OCTAVIO-LAPTOP\Dropbox\EDUCACION IT\Java Standard\Codigos\Clase02\FundamentosPOO\src\test\resources
2020-11-27 16:05:14,045 [Worker-30: Building] INFO  o.e.m.c.i.embedder.EclipseLogger - Using 'UTF-8' encoding to copy filtered resources.
2020-11-27 16:05:14,063 [Worker-30: Building] INFO  o.e.m.c.i.embedder.EclipseLogger - skip non existing resourceDirectory C:\Users\OCTAVIO-LAPTOP\Dropbox\EDUCACION IT\Java Standard\Codigos\Clase02\FundamentosPOO\src\main\resources
2020-11-27 16:05:14,090 [Worker-30: Building] INFO  o.e.m.c.i.embedder.EclipseLogger - Using 'UTF-8' encoding to copy filtered resources.
2020-11-27 16:05:14,092 [Worker-30: Building] INFO  o.e.m.c.i.embedder.EclipseLogger - skip non existing resourceDirectory C:\Users\OCTAVIO-LAPTOP\Dropbox\EDUCACION IT\Java Standard\Codigos\Clase02\FundamentosPOO\src\test\resources
2020-11-27 16:25:25,934 [Worker-35: Building] INFO  o.e.m.c.i.embedder.EclipseLogger - Using 'UTF-8' encoding to copy filtered resources.
2020-11-27 16:25:25,936 [Worker-35: Building] INFO  o.e.m.c.i.embedder.EclipseLogger - skip non existing resourceDirectory C:\Users\OCTAVIO-LAPTOP\Dropbox\EDUCACION IT\Java Standard\Codigos\Clase02\FundamentosPOO\src\main\resources
2020-11-27 16:25:25,942 [Worker-35: Building] INFO  o.e.m.c.i.embedder.EclipseLogger - Using 'UTF-8' encoding to copy filtered resources.
2020-11-27 16:25:25,943 [Worker-35: Building] INFO  o.e.m.c.i.embedder.EclipseLogger - skip non existing resourceDirectory C:\Users\OCTAVIO-LAPTOP\Dropbox\EDUCACION IT\Java Standard\Codigos\Clase02\FundamentosPOO\src\test\resources
2020-11-27 16:25:31,856 [Worker-35: Building] INFO  o.e.m.c.i.embedder.EclipseLogger - Using 'UTF-8' encoding to copy filtered resources.
2020-11-27 16:25:31,857 [Worker-35: Building] INFO  o.e.m.c.i.embedder.EclipseLogger - skip non existing resourceDirectory C:\Users\OCTAVIO-LAPTOP\Dropbox\EDUCACION IT\Java Standard\Codigos\Clase02\FundamentosPOO\src\main\resources
2020-11-27 16:25:31,862 [Worker-35: Building] INFO  o.e.m.c.i.embedder.EclipseLogger - Using 'UTF-8' encoding to copy filtered resources.
2020-11-27 16:25:31,863 [Worker-35: Building] INFO  o.e.m.c.i.embedder.EclipseLogger - skip non existing resourceDirectory C:\Users\OCTAVIO-LAPTOP\Dropbox\EDUCACION IT\Java Standard\Codigos\Clase02\FundamentosPOO\src\test\resources
2020-11-27 16:25:39,975 [Worker-35: Building] INFO  o.e.m.c.i.embedder.EclipseLogger - Using 'UTF-8' encoding to copy filtered resources.
2020-11-27 16:25:39,981 [Worker-35: Building] INFO  o.e.m.c.i.embedder.EclipseLogger - skip non existing resourceDirectory C:\Users\OCTAVIO-LAPTOP\Dropbox\EDUCACION IT\Java Standard\Codigos\Clase02\FundamentosPOO\src\main\resources
2020-11-27 16:25:39,986 [Worker-35: Building] INFO  o.e.m.c.i.embedder.EclipseLogger - Using 'UTF-8' encoding to copy filtered resources.
2020-11-27 16:25:39,987 [Worker-35: Building] INFO  o.e.m.c.i.embedder.EclipseLogger - skip non existing resourceDirectory C:\Users\OCTAVIO-LAPTOP\Dropbox\EDUCACION IT\Java Standard\Codigos\Clase02\FundamentosPOO\src\test\resources
2020-11-27 16:25:50,608 [Worker-31: Building] INFO  o.e.m.c.i.embedder.EclipseLogger - Using 'UTF-8' encoding to copy filtered resources.
2020-11-27 16:25:50,610 [Worker-31: Building] INFO  o.e.m.c.i.embedder.EclipseLogger - skip non existing resourceDirectory C:\Users\OCTAVIO-LAPTOP\Dropbox\EDUCACION IT\Java Standard\Codigos\Clase02\FundamentosPOO\src\main\resources
2020-11-27 16:25:50,619 [Worker-31: Building] INFO  o.e.m.c.i.embedder.EclipseLogger - Using 'UTF-8' encoding to copy filtered resources.
2020-11-27 16:25:50,620 [Worker-31: Building] INFO  o.e.m.c.i.embedder.EclipseLogger - skip non existing resourceDirectory C:\Users\OCTAVIO-LAPTOP\Dropbox\EDUCACION IT\Java Standard\Codigos\Clase02\FundamentosPOO\src\test\resources
2020-11-27 16:25:56,985 [Worker-36: Building] INFO  o.e.m.c.i.embedder.EclipseLogger - Using 'UTF-8' encoding to copy filtered resources.
2020-11-27 16:25:56,986 [Worker-36: Building] INFO  o.e.m.c.i.embedder.EclipseLogger - skip non existing resourceDirectory C:\Users\OCTAVIO-LAPTOP\Dropbox\EDUCACION IT\Java Standard\Codigos\Clase02\FundamentosPOO\src\main\resources
2020-11-27 16:25:56,991 [Worker-36: Building] INFO  o.e.m.c.i.embedder.EclipseLogger - Using 'UTF-8' encoding to copy filtered resources.
2020-11-27 16:25:56,992 [Worker-36: Building] INFO  o.e.m.c.i.embedder.EclipseLogger - skip non existing resourceDirectory C:\Users\OCTAVIO-LAPTOP\Dropbox\EDUCACION IT\Java Standard\Codigos\Clase02\FundamentosPOO\src\test\resources
2020-11-27 16:26:57,538 [Worker-36: Building] INFO  o.e.m.c.i.embedder.EclipseLogger - Using 'UTF-8' encoding to copy filtered resources.
2020-11-27 16:26:57,540 [Worker-36: Building] INFO  o.e.m.c.i.embedder.EclipseLogger - skip non existing resourceDirectory C:\Users\OCTAVIO-LAPTOP\Dropbox\EDUCACION IT\Java Standard\Codigos\Clase02\FundamentosPOO\src\main\resources
2020-11-27 16:26:57,545 [Worker-36: Building] INFO  o.e.m.c.i.embedder.EclipseLogger - Using 'UTF-8' encoding to copy filtered resources.
2020-11-27 16:26:57,546 [Worker-36: Building] INFO  o.e.m.c.i.embedder.EclipseLogger - skip non existing resourceDirectory C:\Users\OCTAVIO-LAPTOP\Dropbox\EDUCACION IT\Java Standard\Codigos\Clase02\FundamentosPOO\src\test\resources
2020-11-27 16:37:14,191 [Worker-35: Building] INFO  o.e.m.c.i.embedder.EclipseLogger - Using 'UTF-8' encoding to copy filtered resources.
2020-11-27 16:37:14,192 [Worker-35: Building] INFO  o.e.m.c.i.embedder.EclipseLogger - skip non existing resourceDirectory C:\Users\OCTAVIO-LAPTOP\Dropbox\EDUCACION IT\Java Standard\Codigos\Clase02\FundamentosPOO\src\main\resources
2020-11-27 16:37:14,197 [Worker-35: Building] INFO  o.e.m.c.i.embedder.EclipseLogger - Using 'UTF-8' encoding to copy filtered resources.
2020-11-27 16:37:14,198 [Worker-35: Building] INFO  o.e.m.c.i.embedder.EclipseLogger - skip non existing resourceDirectory C:\Users\OCTAVIO-LAPTOP\Dropbox\EDUCACION IT\Java Standard\Codigos\Clase02\FundamentosPOO\src\test\resources
2020-11-27 16:37:17,924 [Worker-39: Building] INFO  o.e.m.c.i.embedder.EclipseLogger - Using 'UTF-8' encoding to copy filtered resources.
2020-11-27 16:37:17,924 [Worker-39: Building] INFO  o.e.m.c.i.embedder.EclipseLogger - skip non existing resourceDirectory C:\Users\OCTAVIO-LAPTOP\Dropbox\EDUCACION IT\Java Standard\Codigos\Clase02\FundamentosPOO\src\main\resources
2020-11-27 16:37:17,932 [Worker-39: Building] INFO  o.e.m.c.i.embedder.EclipseLogger - Using 'UTF-8' encoding to copy filtered resources.
2020-11-27 16:37:17,932 [Worker-39: Building] INFO  o.e.m.c.i.embedder.EclipseLogger - skip non existing resourceDirectory C:\Users\OCTAVIO-LAPTOP\Dropbox\EDUCACION IT\Java Standard\Codigos\Clase02\FundamentosPOO\src\test\resources
2020-11-27 16:38:02,808 [Worker-39: Building] INFO  o.e.m.c.i.embedder.EclipseLogger - Using 'UTF-8' encoding to copy filtered resources.
2020-11-27 16:38:02,809 [Worker-39: Building] INFO  o.e.m.c.i.embedder.EclipseLogger - skip non existing resourceDirectory C:\Users\OCTAVIO-LAPTOP\Dropbox\EDUCACION IT\Java Standard\Codigos\Clase02\FundamentosPOO\src\main\resources
2020-11-27 16:38:02,813 [Worker-39: Building] INFO  o.e.m.c.i.embedder.EclipseLogger - Using 'UTF-8' encoding to copy filtered resources.
2020-11-27 16:38:02,814 [Worker-39: Building] INFO  o.e.m.c.i.embedder.EclipseLogger - skip non existing resourceDirectory C:\Users\OCTAVIO-LAPTOP\Dropbox\EDUCACION IT\Java Standard\Codigos\Clase02\FundamentosPOO\src\test\resources
2020-11-27 16:38:55,530 [Worker-35: Building] INFO  o.e.m.c.i.embedder.EclipseLogger - Using 'UTF-8' encoding to copy filtered resources.
2020-11-27 16:38:55,531 [Worker-35: Building] INFO  o.e.m.c.i.embedder.EclipseLogger - skip non existing resourceDirectory C:\Users\OCTAVIO-LAPTOP\Dropbox\EDUCACION IT\Java Standard\Codigos\Clase02\FundamentosPOO\src\main\resources
2020-11-27 16:38:55,535 [Worker-35: Building] INFO  o.e.m.c.i.embedder.EclipseLogger - Using 'UTF-8' encoding to copy filtered resources.
2020-11-27 16:38:55,536 [Worker-35: Building] INFO  o.e.m.c.i.embedder.EclipseLogger - skip non existing resourceDirectory C:\Users\OCTAVIO-LAPTOP\Dropbox\EDUCACION IT\Java Standard\Codigos\Clase02\FundamentosPOO\src\test\resources
2020-11-27 16:40:03,924 [Worker-38: Building] INFO  o.e.m.c.i.embedder.EclipseLogger - Using 'UTF-8' encoding to copy filtered resources.
2020-11-27 16:40:03,925 [Worker-38: Building] INFO  o.e.m.c.i.embedder.EclipseLogger - skip non existing resourceDirectory C:\Users\OCTAVIO-LAPTOP\Dropbox\EDUCACION IT\Java Standard\Codigos\Clase02\FundamentosPOO\src\main\resources
2020-11-27 16:40:03,939 [Worker-38: Building] INFO  o.e.m.c.i.embedder.EclipseLogger - Using 'UTF-8' encoding to copy filtered resources.
2020-11-27 16:40:03,940 [Worker-38: Building] INFO  o.e.m.c.i.embedder.EclipseLogger - skip non existing resourceDirectory C:\Users\OCTAVIO-LAPTOP\Dropbox\EDUCACION IT\Java Standard\Codigos\Clase02\FundamentosPOO\src\test\resources
2020-11-27 16:50:43,793 [Worker-41: Updating Maven Project] INFO  o.e.m.c.i.p.ProjectConfigurationManager - Update started
2020-11-27 16:50:45,560 [Worker-41: Updating Maven Project] INFO  o.e.m.c.i.l.LifecycleMappingFactory - Using org.eclipse.m2e.jdt.JarLifecycleMapping lifecycle mapping for MavenProject: com.educacionIT.javase:FundamentosPOO:0.0.1-SNAPSHOT @ C:\Users\OCTAVIO-LAPTOP\Dropbox\EDUCACION IT\Java Standard\Codigos\Clase02\FundamentosPOO\pom.xml.
2020-11-27 16:50:46,441 [Worker-41: Updating Maven Project] INFO  o.e.m.j.i.AbstractJavaProjectConfigurator - Adding source folder /FundamentosPOO/src/main/java
2020-11-27 16:50:46,444 [Worker-41: Updating Maven Project] INFO  o.e.m.j.i.AbstractJavaProjectConfigurator - Adding source folder /FundamentosPOO/src/test/java
2020-11-27 16:50:47,089 [Worker-41: Updating Maven Project] INFO  o.e.m.c.i.p.ProjectConfigurationManager - Update completed: 3 sec
2020-11-27 16:50:47,881 [Worker-37: Building] INFO  o.e.m.c.i.embedder.EclipseLogger - Using 'UTF-8' encoding to copy filtered resources.
2020-11-27 16:50:47,882 [Worker-37: Building] INFO  o.e.m.c.i.embedder.EclipseLogger - skip non existing resourceDirectory C:\Users\OCTAVIO-LAPTOP\Dropbox\EDUCACION IT\Java Standard\Codigos\Clase02\FundamentosPOO\src\main\resources
2020-11-27 16:50:47,890 [Worker-37: Building] INFO  o.e.m.c.i.embedder.EclipseLogger - Using 'UTF-8' encoding to copy filtered resources.
2020-11-27 16:50:47,892 [Worker-37: Building] INFO  o.e.m.c.i.embedder.EclipseLogger - skip non existing resourceDirectory C:\Users\OCTAVIO-LAPTOP\Dropbox\EDUCACION IT\Java Standard\Codigos\Clase02\FundamentosPOO\src\test\resources
2020-11-27 16:52:15,805 [Worker-41: Creating maven-archetype-quickstart] INFO  o.e.m.c.i.p.ProjectConfigurationManager - Collecting project info '/pom.xml' C:\Users\OCTAVIO-LAPTOP\Dropbox\EDUCACION IT\Java Standard\Codigos\Clase02\Metodos\pom.xml
2020-11-27 16:52:16,084 [Worker-41: Creating maven-archetype-quickstart] INFO  o.e.m.c.i.l.LifecycleMappingFactory - Using org.eclipse.m2e.jdt.JarLifecycleMapping lifecycle mapping for MavenProject: com.educacionIT.javase:Metodos:0.0.1-SNAPSHOT @ C:\Users\OCTAVIO-LAPTOP\Dropbox\EDUCACION IT\Java Standard\Codigos\Clase02\Metodos\pom.xml.
2020-11-27 16:52:16,349 [Worker-41: Creating maven-archetype-quickstart] INFO  o.e.m.j.i.AbstractJavaProjectConfigurator - Adding source folder /Metodos/src/main/java
2020-11-27 16:52:16,374 [Worker-41: Creating maven-archetype-quickstart] INFO  o.e.m.j.i.AbstractJavaProjectConfigurator - Adding source folder /Metodos/src/test/java
2020-11-27 16:52:16,777 [Worker-41: Creating maven-archetype-quickstart] INFO  o.e.m.c.i.p.ProjectConfigurationManager - Imported and configured 1 project(s) in 0 sec
2020-11-27 16:52:17,707 [Worker-42: Building] INFO  o.e.m.c.i.embedder.EclipseLogger - Using 'UTF-8' encoding to copy filtered resources.
2020-11-27 16:52:17,708 [Worker-42: Building] INFO  o.e.m.c.i.embedder.EclipseLogger - skip non existing resourceDirectory C:\Users\OCTAVIO-LAPTOP\Dropbox\EDUCACION IT\Java Standard\Codigos\Clase02\Metodos\src\main\resources
2020-11-27 16:52:17,713 [Worker-42: Building] INFO  o.e.m.c.i.embedder.EclipseLogger - Using 'UTF-8' encoding to copy filtered resources.
2020-11-27 16:52:17,714 [Worker-42: Building] INFO  o.e.m.c.i.embedder.EclipseLogger - skip non existing resourceDirectory C:\Users\OCTAVIO-LAPTOP\Dropbox\EDUCACION IT\Java Standard\Codigos\Clase02\Metodos\src\test\resources
2020-11-27 17:18:26,871 [Worker-46: Building] INFO  o.e.m.c.i.embedder.EclipseLogger - Using 'UTF-8' encoding to copy filtered resources.
2020-11-27 17:18:26,872 [Worker-46: Building] INFO  o.e.m.c.i.embedder.EclipseLogger - skip non existing resourceDirectory C:\Users\OCTAVIO-LAPTOP\Dropbox\EDUCACION IT\Java Standard\Codigos\Clase02\Metodos\src\main\resources
2020-11-27 17:18:26,875 [Worker-46: Building] INFO  o.e.m.c.i.embedder.EclipseLogger - Using 'UTF-8' encoding to copy filtered resources.
2020-11-27 17:18:26,876 [Worker-46: Building] INFO  o.e.m.c.i.embedder.EclipseLogger - skip non existing resourceDirectory C:\Users\OCTAVIO-LAPTOP\Dropbox\EDUCACION IT\Java Standard\Codigos\Clase02\Metodos\src\test\resources
2020-11-27 17:18:30,529 [Worker-50: Building] INFO  o.e.m.c.i.embedder.EclipseLogger - Using 'UTF-8' encoding to copy filtered resources.
2020-11-27 17:18:30,532 [Worker-50: Building] INFO  o.e.m.c.i.embedder.EclipseLogger - skip non existing resourceDirectory C:\Users\OCTAVIO-LAPTOP\Dropbox\EDUCACION IT\Java Standard\Codigos\Clase02\Metodos\src\main\resources
2020-11-27 17:18:30,538 [Worker-50: Building] INFO  o.e.m.c.i.embedder.EclipseLogger - Using 'UTF-8' encoding to copy filtered resources.
2020-11-27 17:18:30,539 [Worker-50: Building] INFO  o.e.m.c.i.embedder.EclipseLogger - skip non existing resourceDirectory C:\Users\OCTAVIO-LAPTOP\Dropbox\EDUCACION IT\Java Standard\Codigos\Clase02\Metodos\src\test\resources
2020-11-29 11:57:52,175 [Worker-5: Loading available Gradle versions] INFO  o.e.b.c.i.u.g.PublishedGradleVersions - Gradle version information cache is out-of-date. Trying to update.
2020-11-29 12:03:34,799 [Worker-14: Building] INFO  o.e.m.c.i.embedder.EclipseLogger - Using 'UTF-8' encoding to copy filtered resources.
2020-11-29 12:03:34,801 [Worker-14: Building] INFO  o.e.m.c.i.embedder.EclipseLogger - skip non existing resourceDirectory C:\Users\OCTAVIO-LAPTOP\Dropbox\EDUCACION IT\Java Standard\Codigos\Clase02\Metodos\src\main\resources
2020-11-29 12:03:34,824 [Worker-14: Building] INFO  o.e.m.c.i.embedder.EclipseLogger - Using 'UTF-8' encoding to copy filtered resources.
2020-11-29 12:03:34,824 [Worker-14: Building] INFO  o.e.m.c.i.embedder.EclipseLogger - skip non existing resourceDirectory C:\Users\OCTAVIO-LAPTOP\Dropbox\EDUCACION IT\Java Standard\Codigos\Clase02\Metodos\src\test\resources
2020-11-29 12:04:33,824 [Worker-15: Building] INFO  o.e.m.c.i.embedder.EclipseLogger - Using 'UTF-8' encoding to copy filtered resources.
2020-11-29 12:04:33,824 [Worker-15: Building] INFO  o.e.m.c.i.embedder.EclipseLogger - skip non existing resourceDirectory C:\Users\OCTAVIO-LAPTOP\Dropbox\EDUCACION IT\Java Standard\Codigos\Clase02\Metodos\src\main\resources
2020-11-29 12:04:33,832 [Worker-15: Building] INFO  o.e.m.c.i.embedder.EclipseLogger - Using 'UTF-8' encoding to copy filtered resources.
2020-11-29 12:04:33,833 [Worker-15: Building] INFO  o.e.m.c.i.embedder.EclipseLogger - skip non existing resourceDirectory C:\Users\OCTAVIO-LAPTOP\Dropbox\EDUCACION IT\Java Standard\Codigos\Clase02\Metodos\src\test\resources
2020-11-29 12:05:46,024 [Worker-13: Building] INFO  o.e.m.c.i.embedder.EclipseLogger - Using 'UTF-8' encoding to copy filtered resources.
2020-11-29 12:05:46,025 [Worker-13: Building] INFO  o.e.m.c.i.embedder.EclipseLogger - skip non existing resourceDirectory C:\Users\OCTAVIO-LAPTOP\Dropbox\EDUCACION IT\Java Standard\Codigos\Clase02\Metodos\src\main\resources
2020-11-29 12:05:46,029 [Worker-13: Building] INFO  o.e.m.c.i.embedder.EclipseLogger - Using 'UTF-8' encoding to copy filtered resources.
2020-11-29 12:05:46,030 [Worker-13: Building] INFO  o.e.m.c.i.embedder.EclipseLogger - skip non existing resourceDirectory C:\Users\OCTAVIO-LAPTOP\Dropbox\EDUCACION IT\Java Standard\Codigos\Clase02\Metodos\src\test\resources
2020-11-29 12:05:47,346 [Worker-13: Building] INFO  o.e.m.c.i.embedder.EclipseLogger - Using 'UTF-8' encoding to copy filtered resources.
2020-11-29 12:05:47,347 [Worker-13: Building] INFO  o.e.m.c.i.embedder.EclipseLogger - skip non existing resourceDirectory C:\Users\OCTAVIO-LAPTOP\Dropbox\EDUCACION IT\Java Standard\Codigos\Clase02\Metodos\src\main\resources
2020-11-29 12:05:47,353 [Worker-13: Building] INFO  o.e.m.c.i.embedder.EclipseLogger - Using 'UTF-8' encoding to copy filtered resources.
2020-11-29 12:05:47,353 [Worker-13: Building] INFO  o.e.m.c.i.embedder.EclipseLogger - skip non existing resourceDirectory C:\Users\OCTAVIO-LAPTOP\Dropbox\EDUCACION IT\Java Standard\Codigos\Clase02\Metodos\src\test\resources
2020-11-29 12:08:38,285 [Worker-17: Building] INFO  o.e.m.c.i.embedder.EclipseLogger - Using 'UTF-8' encoding to copy filtered resources.
2020-11-29 12:08:38,285 [Worker-17: Building] INFO  o.e.m.c.i.embedder.EclipseLogger - skip non existing resourceDirectory C:\Users\OCTAVIO-LAPTOP\Dropbox\EDUCACION IT\Java Standard\Codigos\Clase02\Metodos\src\main\resources
2020-11-29 12:08:38,291 [Worker-17: Building] INFO  o.e.m.c.i.embedder.EclipseLogger - Using 'UTF-8' encoding to copy filtered resources.
2020-11-29 12:08:38,292 [Worker-17: Building] INFO  o.e.m.c.i.embedder.EclipseLogger - skip non existing resourceDirectory C:\Users\OCTAVIO-LAPTOP\Dropbox\EDUCACION IT\Java Standard\Codigos\Clase02\Metodos\src\test\resources
2020-11-29 12:09:17,975 [Worker-15: Building] INFO  o.e.m.c.i.embedder.EclipseLogger - Using 'UTF-8' encoding to copy filtered resources.
2020-11-29 12:09:17,976 [Worker-15: Building] INFO  o.e.m.c.i.embedder.EclipseLogger - skip non existing resourceDirectory C:\Users\OCTAVIO-LAPTOP\Dropbox\EDUCACION IT\Java Standard\Codigos\Clase02\Metodos\src\main\resources
2020-11-29 12:09:17,980 [Worker-15: Building] INFO  o.e.m.c.i.embedder.EclipseLogger - Using 'UTF-8' encoding to copy filtered resources.
2020-11-29 12:09:17,980 [Worker-15: Building] INFO  o.e.m.c.i.embedder.EclipseLogger - skip non existing resourceDirectory C:\Users\OCTAVIO-LAPTOP\Dropbox\EDUCACION IT\Java Standard\Codigos\Clase02\Metodos\src\test\resources
2020-11-29 12:09:37,836 [Worker-15: Building] INFO  o.e.m.c.i.embedder.EclipseLogger - Using 'UTF-8' encoding to copy filtered resources.
2020-11-29 12:09:37,836 [Worker-15: Building] INFO  o.e.m.c.i.embedder.EclipseLogger - skip non existing resourceDirectory C:\Users\OCTAVIO-LAPTOP\Dropbox\EDUCACION IT\Java Standard\Codigos\Clase02\Metodos\src\main\resources
2020-11-29 12:09:37,840 [Worker-15: Building] INFO  o.e.m.c.i.embedder.EclipseLogger - Using 'UTF-8' encoding to copy filtered resources.
2020-11-29 12:09:37,841 [Worker-15: Building] INFO  o.e.m.c.i.embedder.EclipseLogger - skip non existing resourceDirectory C:\Users\OCTAVIO-LAPTOP\Dropbox\EDUCACION IT\Java Standard\Codigos\Clase02\Metodos\src\test\resources
2020-11-29 12:09:59,329 [Worker-1: Building] INFO  o.e.m.c.i.embedder.EclipseLogger - Using 'UTF-8' encoding to copy filtered resources.
2020-11-29 12:09:59,330 [Worker-1: Building] INFO  o.e.m.c.i.embedder.EclipseLogger - skip non existing resourceDirectory C:\Users\OCTAVIO-LAPTOP\Dropbox\EDUCACION IT\Java Standard\Codigos\Clase02\Metodos\src\main\resources
2020-11-29 12:09:59,337 [Worker-1: Building] INFO  o.e.m.c.i.embedder.EclipseLogger - Using 'UTF-8' encoding to copy filtered resources.
2020-11-29 12:09:59,338 [Worker-1: Building] INFO  o.e.m.c.i.embedder.EclipseLogger - skip non existing resourceDirectory C:\Users\OCTAVIO-LAPTOP\Dropbox\EDUCACION IT\Java Standard\Codigos\Clase02\Metodos\src\test\resources
2020-11-29 12:10:11,664 [Worker-18: Building] INFO  o.e.m.c.i.embedder.EclipseLogger - Using 'UTF-8' encoding to copy filtered resources.
2020-11-29 12:10:11,665 [Worker-18: Building] INFO  o.e.m.c.i.embedder.EclipseLogger - skip non existing resourceDirectory C:\Users\OCTAVIO-LAPTOP\Dropbox\EDUCACION IT\Java Standard\Codigos\Clase02\Metodos\src\main\resources
2020-11-29 12:10:11,668 [Worker-18: Building] INFO  o.e.m.c.i.embedder.EclipseLogger - Using 'UTF-8' encoding to copy filtered resources.
2020-11-29 12:10:11,669 [Worker-18: Building] INFO  o.e.m.c.i.embedder.EclipseLogger - skip non existing resourceDirectory C:\Users\OCTAVIO-LAPTOP\Dropbox\EDUCACION IT\Java Standard\Codigos\Clase02\Metodos\src\test\resources
2020-11-29 12:11:00,584 [Worker-17: Building] INFO  o.e.m.c.i.embedder.EclipseLogger - Using 'UTF-8' encoding to copy filtered resources.
2020-11-29 12:11:00,584 [Worker-17: Building] INFO  o.e.m.c.i.embedder.EclipseLogger - skip non existing resourceDirectory C:\Users\OCTAVIO-LAPTOP\Dropbox\EDUCACION IT\Java Standard\Codigos\Clase02\Metodos\src\main\resources
2020-11-29 12:11:00,588 [Worker-17: Building] INFO  o.e.m.c.i.embedder.EclipseLogger - Using 'UTF-8' encoding to copy filtered resources.
2020-11-29 12:11:00,589 [Worker-17: Building] INFO  o.e.m.c.i.embedder.EclipseLogger - skip non existing resourceDirectory C:\Users\OCTAVIO-LAPTOP\Dropbox\EDUCACION IT\Java Standard\Codigos\Clase02\Metodos\src\test\resources
2020-11-29 12:11:49,091 [Worker-14: Building] INFO  o.e.m.c.i.embedder.EclipseLogger - Using 'UTF-8' encoding to copy filtered resources.
2020-11-29 12:11:49,092 [Worker-14: Building] INFO  o.e.m.c.i.embedder.EclipseLogger - skip non existing resourceDirectory C:\Users\OCTAVIO-LAPTOP\Dropbox\EDUCACION IT\Java Standard\Codigos\Clase02\Metodos\src\main\resources
2020-11-29 12:11:49,096 [Worker-14: Building] INFO  o.e.m.c.i.embedder.EclipseLogger - Using 'UTF-8' encoding to copy filtered resources.
2020-11-29 12:11:49,096 [Worker-14: Building] INFO  o.e.m.c.i.embedder.EclipseLogger - skip non existing resourceDirectory C:\Users\OCTAVIO-LAPTOP\Dropbox\EDUCACION IT\Java Standard\Codigos\Clase02\Metodos\src\test\resources
2020-11-29 12:11:50,559 [Worker-19: Building] INFO  o.e.m.c.i.embedder.EclipseLogger - Using 'UTF-8' encoding to copy filtered resources.
2020-11-29 12:11:50,559 [Worker-19: Building] INFO  o.e.m.c.i.embedder.EclipseLogger - skip non existing resourceDirectory C:\Users\OCTAVIO-LAPTOP\Dropbox\EDUCACION IT\Java Standard\Codigos\Clase02\Metodos\src\main\resources
2020-11-29 12:11:50,564 [Worker-19: Building] INFO  o.e.m.c.i.embedder.EclipseLogger - Using 'UTF-8' encoding to copy filtered resources.
2020-11-29 12:11:50,565 [Worker-19: Building] INFO  o.e.m.c.i.embedder.EclipseLogger - skip non existing resourceDirectory C:\Users\OCTAVIO-LAPTOP\Dropbox\EDUCACION IT\Java Standard\Codigos\Clase02\Metodos\src\test\resources
2020-11-29 12:11:56,977 [Worker-18: Building] INFO  o.e.m.c.i.embedder.EclipseLogger - Using 'UTF-8' encoding to copy filtered resources.
2020-11-29 12:11:56,977 [Worker-18: Building] INFO  o.e.m.c.i.embedder.EclipseLogger - skip non existing resourceDirectory C:\Users\OCTAVIO-LAPTOP\Dropbox\EDUCACION IT\Java Standard\Codigos\Clase02\Metodos\src\main\resources
2020-11-29 12:11:56,980 [Worker-18: Building] INFO  o.e.m.c.i.embedder.EclipseLogger - Using 'UTF-8' encoding to copy filtered resources.
2020-11-29 12:11:56,981 [Worker-18: Building] INFO  o.e.m.c.i.embedder.EclipseLogger - skip non existing resourceDirectory C:\Users\OCTAVIO-LAPTOP\Dropbox\EDUCACION IT\Java Standard\Codigos\Clase02\Metodos\src\test\resources
2020-11-29 12:12:18,057 [Worker-14: Building] INFO  o.e.m.c.i.embedder.EclipseLogger - Using 'UTF-8' encoding to copy filtered resources.
2020-11-29 12:12:18,057 [Worker-14: Building] INFO  o.e.m.c.i.embedder.EclipseLogger - skip non existing resourceDirectory C:\Users\OCTAVIO-LAPTOP\Dropbox\EDUCACION IT\Java Standard\Codigos\Clase02\Metodos\src\main\resources
2020-11-29 12:12:18,061 [Worker-14: Building] INFO  o.e.m.c.i.embedder.EclipseLogger - Using 'UTF-8' encoding to copy filtered resources.
2020-11-29 12:12:18,061 [Worker-14: Building] INFO  o.e.m.c.i.embedder.EclipseLogger - skip non existing resourceDirectory C:\Users\OCTAVIO-LAPTOP\Dropbox\EDUCACION IT\Java Standard\Codigos\Clase02\Metodos\src\test\resources
2020-11-29 12:12:29,307 [Worker-19: Building] INFO  o.e.m.c.i.embedder.EclipseLogger - Using 'UTF-8' encoding to copy filtered resources.
2020-11-29 12:12:29,308 [Worker-19: Building] INFO  o.e.m.c.i.embedder.EclipseLogger - skip non existing resourceDirectory C:\Users\OCTAVIO-LAPTOP\Dropbox\EDUCACION IT\Java Standard\Codigos\Clase02\Metodos\src\main\resources
2020-11-29 12:12:29,312 [Worker-19: Building] INFO  o.e.m.c.i.embedder.EclipseLogger - Using 'UTF-8' encoding to copy filtered resources.
2020-11-29 12:12:29,312 [Worker-19: Building] INFO  o.e.m.c.i.embedder.EclipseLogger - skip non existing resourceDirectory C:\Users\OCTAVIO-LAPTOP\Dropbox\EDUCACION IT\Java Standard\Codigos\Clase02\Metodos\src\test\resources
2020-11-29 12:13:41,783 [Worker-19: Building] INFO  o.e.m.c.i.embedder.EclipseLogger - Using 'UTF-8' encoding to copy filtered resources.
2020-11-29 12:13:41,784 [Worker-19: Building] INFO  o.e.m.c.i.embedder.EclipseLogger - skip non existing resourceDirectory C:\Users\OCTAVIO-LAPTOP\Dropbox\EDUCACION IT\Java Standard\Codigos\Clase02\Metodos\src\main\resources
2020-11-29 12:13:41,789 [Worker-19: Building] INFO  o.e.m.c.i.embedder.EclipseLogger - Using 'UTF-8' encoding to copy filtered resources.
2020-11-29 12:13:41,790 [Worker-19: Building] INFO  o.e.m.c.i.embedder.EclipseLogger - skip non existing resourceDirectory C:\Users\OCTAVIO-LAPTOP\Dropbox\EDUCACION IT\Java Standard\Codigos\Clase02\Metodos\src\test\resources
2020-11-29 12:13:49,518 [Worker-15: Building] INFO  o.e.m.c.i.embedder.EclipseLogger - Using 'UTF-8' encoding to copy filtered resources.
2020-11-29 12:13:49,519 [Worker-15: Building] INFO  o.e.m.c.i.embedder.EclipseLogger - skip non existing resourceDirectory C:\Users\OCTAVIO-LAPTOP\Dropbox\EDUCACION IT\Java Standard\Codigos\Clase02\Metodos\src\main\resources
2020-11-29 12:13:49,523 [Worker-15: Building] INFO  o.e.m.c.i.embedder.EclipseLogger - Using 'UTF-8' encoding to copy filtered resources.
2020-11-29 12:13:49,524 [Worker-15: Building] INFO  o.e.m.c.i.embedder.EclipseLogger - skip non existing resourceDirectory C:\Users\OCTAVIO-LAPTOP\Dropbox\EDUCACION IT\Java Standard\Codigos\Clase02\Metodos\src\test\resources
2020-11-29 12:15:51,494 [Worker-14: Building] INFO  o.e.m.c.i.embedder.EclipseLogger - Using 'UTF-8' encoding to copy filtered resources.
2020-11-29 12:15:51,494 [Worker-14: Building] INFO  o.e.m.c.i.embedder.EclipseLogger - skip non existing resourceDirectory C:\Users\OCTAVIO-LAPTOP\Dropbox\EDUCACION IT\Java Standard\Codigos\Clase02\Metodos\src\main\resources
2020-11-29 12:15:51,497 [Worker-14: Building] INFO  o.e.m.c.i.embedder.EclipseLogger - Using 'UTF-8' encoding to copy filtered resources.
2020-11-29 12:15:51,498 [Worker-14: Building] INFO  o.e.m.c.i.embedder.EclipseLogger - skip non existing resourceDirectory C:\Users\OCTAVIO-LAPTOP\Dropbox\EDUCACION IT\Java Standard\Codigos\Clase02\Metodos\src\test\resources
2020-11-29 12:27:05,713 [Worker-20: Building] INFO  o.e.m.c.i.embedder.EclipseLogger - Using 'UTF-8' encoding to copy filtered resources.
2020-11-29 12:27:05,714 [Worker-20: Building] INFO  o.e.m.c.i.embedder.EclipseLogger - skip non existing resourceDirectory C:\Users\OCTAVIO-LAPTOP\Dropbox\EDUCACION IT\Java Standard\Codigos\Clase02\Metodos\src\main\resources
2020-11-29 12:27:05,717 [Worker-20: Building] INFO  o.e.m.c.i.embedder.EclipseLogger - Using 'UTF-8' encoding to copy filtered resources.
2020-11-29 12:27:05,718 [Worker-20: Building] INFO  o.e.m.c.i.embedder.EclipseLogger - skip non existing resourceDirectory C:\Users\OCTAVIO-LAPTOP\Dropbox\EDUCACION IT\Java Standard\Codigos\Clase02\Metodos\src\test\resources
2020-11-29 12:27:30,659 [Worker-24: Building] INFO  o.e.m.c.i.embedder.EclipseLogger - Using 'UTF-8' encoding to copy filtered resources.
2020-11-29 12:27:30,660 [Worker-24: Building] INFO  o.e.m.c.i.embedder.EclipseLogger - skip non existing resourceDirectory C:\Users\OCTAVIO-LAPTOP\Dropbox\EDUCACION IT\Java Standard\Codigos\Clase02\Metodos\src\main\resources
2020-11-29 12:27:30,663 [Worker-24: Building] INFO  o.e.m.c.i.embedder.EclipseLogger - Using 'UTF-8' encoding to copy filtered resources.
2020-11-29 12:27:30,664 [Worker-24: Building] INFO  o.e.m.c.i.embedder.EclipseLogger - skip non existing resourceDirectory C:\Users\OCTAVIO-LAPTOP\Dropbox\EDUCACION IT\Java Standard\Codigos\Clase02\Metodos\src\test\resources
2020-11-29 12:27:45,917 [Worker-20: Building] INFO  o.e.m.c.i.embedder.EclipseLogger - Using 'UTF-8' encoding to copy filtered resources.
2020-11-29 12:27:45,918 [Worker-20: Building] INFO  o.e.m.c.i.embedder.EclipseLogger - skip non existing resourceDirectory C:\Users\OCTAVIO-LAPTOP\Dropbox\EDUCACION IT\Java Standard\Codigos\Clase02\Metodos\src\main\resources
2020-11-29 12:27:45,922 [Worker-20: Building] INFO  o.e.m.c.i.embedder.EclipseLogger - Using 'UTF-8' encoding to copy filtered resources.
2020-11-29 12:27:45,923 [Worker-20: Building] INFO  o.e.m.c.i.embedder.EclipseLogger - skip non existing resourceDirectory C:\Users\OCTAVIO-LAPTOP\Dropbox\EDUCACION IT\Java Standard\Codigos\Clase02\Metodos\src\test\resources
2020-11-29 12:29:26,508 [Worker-24: Creating maven-archetype-quickstart] INFO  o.e.m.c.i.p.ProjectConfigurationManager - Collecting project info '/pom.xml' C:\Users\OCTAVIO-LAPTOP\Dropbox\EDUCACION IT\Java Standard\Codigos\Clase02\Paquetes\pom.xml
2020-11-29 12:29:29,021 [Worker-24: Creating maven-archetype-quickstart] INFO  o.e.m.c.i.l.LifecycleMappingFactory - Using org.eclipse.m2e.jdt.JarLifecycleMapping lifecycle mapping for MavenProject: com.educacionIT.javase:Paquetes:0.0.1-SNAPSHOT @ C:\Users\OCTAVIO-LAPTOP\Dropbox\EDUCACION IT\Java Standard\Codigos\Clase02\Paquetes\pom.xml.
2020-11-29 12:29:30,840 [Worker-24: Creating maven-archetype-quickstart] INFO  o.e.m.j.i.AbstractJavaProjectConfigurator - Adding source folder /Paquetes/src/main/java
2020-11-29 12:29:30,861 [Worker-24: Creating maven-archetype-quickstart] INFO  o.e.m.j.i.AbstractJavaProjectConfigurator - Adding source folder /Paquetes/src/test/java
2020-11-29 12:29:31,075 [Worker-24: Creating maven-archetype-quickstart] INFO  o.e.m.c.i.p.ProjectConfigurationManager - Imported and configured 1 project(s) in 4 sec
2020-11-29 12:29:32,107 [Worker-20: Building] INFO  o.e.m.c.i.embedder.EclipseLogger - Using 'UTF-8' encoding to copy filtered resources.
2020-11-29 12:29:32,107 [Worker-20: Building] INFO  o.e.m.c.i.embedder.EclipseLogger - skip non existing resourceDirectory C:\Users\OCTAVIO-LAPTOP\Dropbox\EDUCACION IT\Java Standard\Codigos\Clase02\Paquetes\src\main\resources
2020-11-29 12:29:32,111 [Worker-20: Building] INFO  o.e.m.c.i.embedder.EclipseLogger - Using 'UTF-8' encoding to copy filtered resources.
2020-11-29 12:29:32,111 [Worker-20: Building] INFO  o.e.m.c.i.embedder.EclipseLogger - skip non existing resourceDirectory C:\Users\OCTAVIO-LAPTOP\Dropbox\EDUCACION IT\Java Standard\Codigos\Clase02\Paquetes\src\test\resources
2020-11-29 12:41:21,421 [Worker-24: Building] INFO  o.e.m.c.i.embedder.EclipseLogger - Using 'UTF-8' encoding to copy filtered resources.
2020-11-29 12:41:21,422 [Worker-24: Building] INFO  o.e.m.c.i.embedder.EclipseLogger - skip non existing resourceDirectory C:\Users\OCTAVIO-LAPTOP\Dropbox\EDUCACION IT\Java Standard\Codigos\Clase02\Paquetes\src\main\resources
2020-11-29 12:41:21,432 [Worker-24: Building] INFO  o.e.m.c.i.embedder.EclipseLogger - Using 'UTF-8' encoding to copy filtered resources.
2020-11-29 12:41:21,432 [Worker-24: Building] INFO  o.e.m.c.i.embedder.EclipseLogger - skip non existing resourceDirectory C:\Users\OCTAVIO-LAPTOP\Dropbox\EDUCACION IT\Java Standard\Codigos\Clase02\Paquetes\src\test\resources
2020-11-29 12:41:31,824 [Worker-30: Building] INFO  o.e.m.c.i.embedder.EclipseLogger - Using 'UTF-8' encoding to copy filtered resources.
2020-11-29 12:41:31,825 [Worker-30: Building] INFO  o.e.m.c.i.embedder.EclipseLogger - skip non existing resourceDirectory C:\Users\OCTAVIO-LAPTOP\Dropbox\EDUCACION IT\Java Standard\Codigos\Clase02\Paquetes\src\main\resources
2020-11-29 12:41:31,828 [Worker-30: Building] INFO  o.e.m.c.i.embedder.EclipseLogger - Using 'UTF-8' encoding to copy filtered resources.
2020-11-29 12:41:31,829 [Worker-30: Building] INFO  o.e.m.c.i.embedder.EclipseLogger - skip non existing resourceDirectory C:\Users\OCTAVIO-LAPTOP\Dropbox\EDUCACION IT\Java Standard\Codigos\Clase02\Paquetes\src\test\resources
2020-11-29 12:42:50,626 [Worker-31: Building] INFO  o.e.m.c.i.embedder.EclipseLogger - Using 'UTF-8' encoding to copy filtered resources.
2020-11-29 12:42:50,626 [Worker-31: Building] INFO  o.e.m.c.i.embedder.EclipseLogger - skip non existing resourceDirectory C:\Users\OCTAVIO-LAPTOP\Dropbox\EDUCACION IT\Java Standard\Codigos\Clase02\Paquetes\src\main\resources
2020-11-29 12:42:50,629 [Worker-31: Building] INFO  o.e.m.c.i.embedder.EclipseLogger - Using 'UTF-8' encoding to copy filtered resources.
2020-11-29 12:42:50,630 [Worker-31: Building] INFO  o.e.m.c.i.embedder.EclipseLogger - skip non existing resourceDirectory C:\Users\OCTAVIO-LAPTOP\Dropbox\EDUCACION IT\Java Standard\Codigos\Clase02\Paquetes\src\test\resources
2020-11-29 12:43:12,918 [Worker-31: Building] INFO  o.e.m.c.i.embedder.EclipseLogger - Using 'UTF-8' encoding to copy filtered resources.
2020-11-29 12:43:12,919 [Worker-31: Building] INFO  o.e.m.c.i.embedder.EclipseLogger - skip non existing resourceDirectory C:\Users\OCTAVIO-LAPTOP\Dropbox\EDUCACION IT\Java Standard\Codigos\Clase02\Paquetes\src\main\resources
2020-11-29 12:43:12,922 [Worker-31: Building] INFO  o.e.m.c.i.embedder.EclipseLogger - Using 'UTF-8' encoding to copy filtered resources.
2020-11-29 12:43:12,922 [Worker-31: Building] INFO  o.e.m.c.i.embedder.EclipseLogger - skip non existing resourceDirectory C:\Users\OCTAVIO-LAPTOP\Dropbox\EDUCACION IT\Java Standard\Codigos\Clase02\Paquetes\src\test\resources
2020-11-29 12:43:19,386 [Worker-30: Building] INFO  o.e.m.c.i.embedder.EclipseLogger - Using 'UTF-8' encoding to copy filtered resources.
2020-11-29 12:43:19,387 [Worker-30: Building] INFO  o.e.m.c.i.embedder.EclipseLogger - skip non existing resourceDirectory C:\Users\OCTAVIO-LAPTOP\Dropbox\EDUCACION IT\Java Standard\Codigos\Clase02\Paquetes\src\main\resources
2020-11-29 12:43:19,391 [Worker-30: Building] INFO  o.e.m.c.i.embedder.EclipseLogger - Using 'UTF-8' encoding to copy filtered resources.
2020-11-29 12:43:19,392 [Worker-30: Building] INFO  o.e.m.c.i.embedder.EclipseLogger - skip non existing resourceDirectory C:\Users\OCTAVIO-LAPTOP\Dropbox\EDUCACION IT\Java Standard\Codigos\Clase02\Paquetes\src\test\resources
2020-11-29 12:43:36,257 [Worker-24: Building] INFO  o.e.m.c.i.embedder.EclipseLogger - Using 'UTF-8' encoding to copy filtered resources.
2020-11-29 12:43:36,257 [Worker-24: Building] INFO  o.e.m.c.i.embedder.EclipseLogger - skip non existing resourceDirectory C:\Users\OCTAVIO-LAPTOP\Dropbox\EDUCACION IT\Java Standard\Codigos\Clase02\Paquetes\src\main\resources
2020-11-29 12:43:36,262 [Worker-24: Building] INFO  o.e.m.c.i.embedder.EclipseLogger - Using 'UTF-8' encoding to copy filtered resources.
2020-11-29 12:43:36,262 [Worker-24: Building] INFO  o.e.m.c.i.embedder.EclipseLogger - skip non existing resourceDirectory C:\Users\OCTAVIO-LAPTOP\Dropbox\EDUCACION IT\Java Standard\Codigos\Clase02\Paquetes\src\test\resources
2020-11-29 12:43:58,043 [Worker-31: Building] INFO  o.e.m.c.i.embedder.EclipseLogger - Using 'UTF-8' encoding to copy filtered resources.
2020-11-29 12:43:58,043 [Worker-31: Building] INFO  o.e.m.c.i.embedder.EclipseLogger - skip non existing resourceDirectory C:\Users\OCTAVIO-LAPTOP\Dropbox\EDUCACION IT\Java Standard\Codigos\Clase02\Paquetes\src\main\resources
2020-11-29 12:43:58,047 [Worker-31: Building] INFO  o.e.m.c.i.embedder.EclipseLogger - Using 'UTF-8' encoding to copy filtered resources.
2020-11-29 12:43:58,047 [Worker-31: Building] INFO  o.e.m.c.i.embedder.EclipseLogger - skip non existing resourceDirectory C:\Users\OCTAVIO-LAPTOP\Dropbox\EDUCACION IT\Java Standard\Codigos\Clase02\Paquetes\src\test\resources
2020-11-29 12:44:08,758 [Worker-29: Building] INFO  o.e.m.c.i.embedder.EclipseLogger - Using 'UTF-8' encoding to copy filtered resources.
2020-11-29 12:44:08,759 [Worker-29: Building] INFO  o.e.m.c.i.embedder.EclipseLogger - skip non existing resourceDirectory C:\Users\OCTAVIO-LAPTOP\Dropbox\EDUCACION IT\Java Standard\Codigos\Clase02\Paquetes\src\main\resources
2020-11-29 12:44:08,762 [Worker-29: Building] INFO  o.e.m.c.i.embedder.EclipseLogger - Using 'UTF-8' encoding to copy filtered resources.
2020-11-29 12:44:08,762 [Worker-29: Building] INFO  o.e.m.c.i.embedder.EclipseLogger - skip non existing resourceDirectory C:\Users\OCTAVIO-LAPTOP\Dropbox\EDUCACION IT\Java Standard\Codigos\Clase02\Paquetes\src\test\resources
2020-11-29 12:44:15,063 [Worker-29: Building] INFO  o.e.m.c.i.embedder.EclipseLogger - Using 'UTF-8' encoding to copy filtered resources.
2020-11-29 12:44:15,064 [Worker-29: Building] INFO  o.e.m.c.i.embedder.EclipseLogger - skip non existing resourceDirectory C:\Users\OCTAVIO-LAPTOP\Dropbox\EDUCACION IT\Java Standard\Codigos\Clase02\Paquetes\src\main\resources
2020-11-29 12:44:15,066 [Worker-29: Building] INFO  o.e.m.c.i.embedder.EclipseLogger - Using 'UTF-8' encoding to copy filtered resources.
2020-11-29 12:44:15,067 [Worker-29: Building] INFO  o.e.m.c.i.embedder.EclipseLogger - skip non existing resourceDirectory C:\Users\OCTAVIO-LAPTOP\Dropbox\EDUCACION IT\Java Standard\Codigos\Clase02\Paquetes\src\test\resources
2020-11-29 12:45:19,548 [Worker-24: Building] INFO  o.e.m.c.i.embedder.EclipseLogger - Using 'UTF-8' encoding to copy filtered resources.
2020-11-29 12:45:19,549 [Worker-24: Building] INFO  o.e.m.c.i.embedder.EclipseLogger - skip non existing resourceDirectory C:\Users\OCTAVIO-LAPTOP\Dropbox\EDUCACION IT\Java Standard\Codigos\Clase02\Paquetes\src\main\resources
2020-11-29 12:45:19,553 [Worker-24: Building] INFO  o.e.m.c.i.embedder.EclipseLogger - Using 'UTF-8' encoding to copy filtered resources.
2020-11-29 12:45:19,553 [Worker-24: Building] INFO  o.e.m.c.i.embedder.EclipseLogger - skip non existing resourceDirectory C:\Users\OCTAVIO-LAPTOP\Dropbox\EDUCACION IT\Java Standard\Codigos\Clase02\Paquetes\src\test\resources
2020-11-29 12:45:36,578 [Worker-24: Building] INFO  o.e.m.c.i.embedder.EclipseLogger - Using 'UTF-8' encoding to copy filtered resources.
2020-11-29 12:45:36,579 [Worker-24: Building] INFO  o.e.m.c.i.embedder.EclipseLogger - skip non existing resourceDirectory C:\Users\OCTAVIO-LAPTOP\Dropbox\EDUCACION IT\Java Standard\Codigos\Clase02\Paquetes\src\main\resources
2020-11-29 12:45:36,582 [Worker-24: Building] INFO  o.e.m.c.i.embedder.EclipseLogger - Using 'UTF-8' encoding to copy filtered resources.
2020-11-29 12:45:36,583 [Worker-24: Building] INFO  o.e.m.c.i.embedder.EclipseLogger - skip non existing resourceDirectory C:\Users\OCTAVIO-LAPTOP\Dropbox\EDUCACION IT\Java Standard\Codigos\Clase02\Paquetes\src\test\resources
2020-11-29 12:45:42,854 [Worker-28: Building] INFO  o.e.m.c.i.embedder.EclipseLogger - Using 'UTF-8' encoding to copy filtered resources.
2020-11-29 12:45:42,855 [Worker-28: Building] INFO  o.e.m.c.i.embedder.EclipseLogger - skip non existing resourceDirectory C:\Users\OCTAVIO-LAPTOP\Dropbox\EDUCACION IT\Java Standard\Codigos\Clase02\Paquetes\src\main\resources
2020-11-29 12:45:42,859 [Worker-28: Building] INFO  o.e.m.c.i.embedder.EclipseLogger - Using 'UTF-8' encoding to copy filtered resources.
2020-11-29 12:45:42,859 [Worker-28: Building] INFO  o.e.m.c.i.embedder.EclipseLogger - skip non existing resourceDirectory C:\Users\OCTAVIO-LAPTOP\Dropbox\EDUCACION IT\Java Standard\Codigos\Clase02\Paquetes\src\test\resources
2020-11-29 12:45:48,369 [Worker-28: Building] INFO  o.e.m.c.i.embedder.EclipseLogger - Using 'UTF-8' encoding to copy filtered resources.
2020-11-29 12:45:48,369 [Worker-28: Building] INFO  o.e.m.c.i.embedder.EclipseLogger - skip non existing resourceDirectory C:\Users\OCTAVIO-LAPTOP\Dropbox\EDUCACION IT\Java Standard\Codigos\Clase02\Metodos\src\main\resources
2020-11-29 12:45:48,374 [Worker-28: Building] INFO  o.e.m.c.i.embedder.EclipseLogger - Using 'UTF-8' encoding to copy filtered resources.
2020-11-29 12:45:48,375 [Worker-28: Building] INFO  o.e.m.c.i.embedder.EclipseLogger - skip non existing resourceDirectory C:\Users\OCTAVIO-LAPTOP\Dropbox\EDUCACION IT\Java Standard\Codigos\Clase02\Metodos\src\test\resources
2020-11-29 12:46:28,413 [Worker-30: Building] INFO  o.e.m.c.i.embedder.EclipseLogger - Using 'UTF-8' encoding to copy filtered resources.
2020-11-29 12:46:28,414 [Worker-30: Building] INFO  o.e.m.c.i.embedder.EclipseLogger - skip non existing resourceDirectory C:\Users\OCTAVIO-LAPTOP\Dropbox\EDUCACION IT\Java Standard\Codigos\Clase02\Paquetes\src\main\resources
2020-11-29 12:46:28,416 [Worker-30: Building] INFO  o.e.m.c.i.embedder.EclipseLogger - Using 'UTF-8' encoding to copy filtered resources.
2020-11-29 12:46:28,417 [Worker-30: Building] INFO  o.e.m.c.i.embedder.EclipseLogger - skip non existing resourceDirectory C:\Users\OCTAVIO-LAPTOP\Dropbox\EDUCACION IT\Java Standard\Codigos\Clase02\Paquetes\src\test\resources
2020-11-29 12:46:47,674 [Worker-24: Building] INFO  o.e.m.c.i.embedder.EclipseLogger - Using 'UTF-8' encoding to copy filtered resources.
2020-11-29 12:46:47,675 [Worker-24: Building] INFO  o.e.m.c.i.embedder.EclipseLogger - skip non existing resourceDirectory C:\Users\OCTAVIO-LAPTOP\Dropbox\EDUCACION IT\Java Standard\Codigos\Clase02\Paquetes\src\main\resources
2020-11-29 12:46:47,679 [Worker-24: Building] INFO  o.e.m.c.i.embedder.EclipseLogger - Using 'UTF-8' encoding to copy filtered resources.
2020-11-29 12:46:47,680 [Worker-24: Building] INFO  o.e.m.c.i.embedder.EclipseLogger - skip non existing resourceDirectory C:\Users\OCTAVIO-LAPTOP\Dropbox\EDUCACION IT\Java Standard\Codigos\Clase02\Paquetes\src\test\resources
2020-11-29 12:47:01,370 [Worker-31: Building] INFO  o.e.m.c.i.embedder.EclipseLogger - Using 'UTF-8' encoding to copy filtered resources.
2020-11-29 12:47:01,371 [Worker-31: Building] INFO  o.e.m.c.i.embedder.EclipseLogger - skip non existing resourceDirectory C:\Users\OCTAVIO-LAPTOP\Dropbox\EDUCACION IT\Java Standard\Codigos\Clase02\Paquetes\src\main\resources
2020-11-29 12:47:01,375 [Worker-31: Building] INFO  o.e.m.c.i.embedder.EclipseLogger - Using 'UTF-8' encoding to copy filtered resources.
2020-11-29 12:47:01,375 [Worker-31: Building] INFO  o.e.m.c.i.embedder.EclipseLogger - skip non existing resourceDirectory C:\Users\OCTAVIO-LAPTOP\Dropbox\EDUCACION IT\Java Standard\Codigos\Clase02\Paquetes\src\test\resources
2020-11-29 12:47:02,727 [Worker-31: Building] INFO  o.e.m.c.i.embedder.EclipseLogger - Using 'UTF-8' encoding to copy filtered resources.
2020-11-29 12:47:02,728 [Worker-31: Building] INFO  o.e.m.c.i.embedder.EclipseLogger - skip non existing resourceDirectory C:\Users\OCTAVIO-LAPTOP\Dropbox\EDUCACION IT\Java Standard\Codigos\Clase02\Paquetes\src\main\resources
2020-11-29 12:47:02,731 [Worker-31: Building] INFO  o.e.m.c.i.embedder.EclipseLogger - Using 'UTF-8' encoding to copy filtered resources.
2020-11-29 12:47:02,731 [Worker-31: Building] INFO  o.e.m.c.i.embedder.EclipseLogger - skip non existing resourceDirectory C:\Users\OCTAVIO-LAPTOP\Dropbox\EDUCACION IT\Java Standard\Codigos\Clase02\Paquetes\src\test\resources
2020-11-29 12:48:06,898 [Worker-28: Building] INFO  o.e.m.c.i.embedder.EclipseLogger - Using 'UTF-8' encoding to copy filtered resources.
2020-11-29 12:48:06,899 [Worker-28: Building] INFO  o.e.m.c.i.embedder.EclipseLogger - skip non existing resourceDirectory C:\Users\OCTAVIO-LAPTOP\Dropbox\EDUCACION IT\Java Standard\Codigos\Clase02\Paquetes\src\main\resources
2020-11-29 12:48:06,904 [Worker-28: Building] INFO  o.e.m.c.i.embedder.EclipseLogger - Using 'UTF-8' encoding to copy filtered resources.
2020-11-29 12:48:06,905 [Worker-28: Building] INFO  o.e.m.c.i.embedder.EclipseLogger - skip non existing resourceDirectory C:\Users\OCTAVIO-LAPTOP\Dropbox\EDUCACION IT\Java Standard\Codigos\Clase02\Paquetes\src\test\resources
2020-11-29 12:48:36,447 [Worker-29: Building] INFO  o.e.m.c.i.embedder.EclipseLogger - Using 'UTF-8' encoding to copy filtered resources.
2020-11-29 12:48:36,448 [Worker-29: Building] INFO  o.e.m.c.i.embedder.EclipseLogger - skip non existing resourceDirectory C:\Users\OCTAVIO-LAPTOP\Dropbox\EDUCACION IT\Java Standard\Codigos\Clase02\Paquetes\src\main\resources
2020-11-29 12:48:36,451 [Worker-29: Building] INFO  o.e.m.c.i.embedder.EclipseLogger - Using 'UTF-8' encoding to copy filtered resources.
2020-11-29 12:48:36,452 [Worker-29: Building] INFO  o.e.m.c.i.embedder.EclipseLogger - skip non existing resourceDirectory C:\Users\OCTAVIO-LAPTOP\Dropbox\EDUCACION IT\Java Standard\Codigos\Clase02\Paquetes\src\test\resources
2020-11-29 12:48:42,964 [Worker-30: Building] INFO  o.e.m.c.i.embedder.EclipseLogger - Using 'UTF-8' encoding to copy filtered resources.
2020-11-29 12:48:42,964 [Worker-30: Building] INFO  o.e.m.c.i.embedder.EclipseLogger - skip non existing resourceDirectory C:\Users\OCTAVIO-LAPTOP\Dropbox\EDUCACION IT\Java Standard\Codigos\Clase02\Paquetes\src\main\resources
2020-11-29 12:48:42,967 [Worker-30: Building] INFO  o.e.m.c.i.embedder.EclipseLogger - Using 'UTF-8' encoding to copy filtered resources.
2020-11-29 12:48:42,968 [Worker-30: Building] INFO  o.e.m.c.i.embedder.EclipseLogger - skip non existing resourceDirectory C:\Users\OCTAVIO-LAPTOP\Dropbox\EDUCACION IT\Java Standard\Codigos\Clase02\Paquetes\src\test\resources
2020-11-29 12:49:59,281 [Worker-33: Building] INFO  o.e.m.c.i.embedder.EclipseLogger - Using 'UTF-8' encoding to copy filtered resources.
2020-11-29 12:49:59,281 [Worker-33: Building] INFO  o.e.m.c.i.embedder.EclipseLogger - skip non existing resourceDirectory C:\Users\OCTAVIO-LAPTOP\Dropbox\EDUCACION IT\Java Standard\Codigos\Clase02\Paquetes\src\main\resources
2020-11-29 12:49:59,284 [Worker-33: Building] INFO  o.e.m.c.i.embedder.EclipseLogger - Using 'UTF-8' encoding to copy filtered resources.
2020-11-29 12:49:59,285 [Worker-33: Building] INFO  o.e.m.c.i.embedder.EclipseLogger - skip non existing resourceDirectory C:\Users\OCTAVIO-LAPTOP\Dropbox\EDUCACION IT\Java Standard\Codigos\Clase02\Paquetes\src\test\resources
2020-11-29 12:50:13,081 [Worker-24: Building] INFO  o.e.m.c.i.embedder.EclipseLogger - Using 'UTF-8' encoding to copy filtered resources.
2020-11-29 12:50:13,082 [Worker-24: Building] INFO  o.e.m.c.i.embedder.EclipseLogger - skip non existing resourceDirectory C:\Users\OCTAVIO-LAPTOP\Dropbox\EDUCACION IT\Java Standard\Codigos\Clase02\Paquetes\src\main\resources
2020-11-29 12:50:13,107 [Worker-24: Building] INFO  o.e.m.c.i.embedder.EclipseLogger - Using 'UTF-8' encoding to copy filtered resources.
2020-11-29 12:50:13,108 [Worker-24: Building] INFO  o.e.m.c.i.embedder.EclipseLogger - skip non existing resourceDirectory C:\Users\OCTAVIO-LAPTOP\Dropbox\EDUCACION IT\Java Standard\Codigos\Clase02\Paquetes\src\test\resources
2020-11-29 12:50:27,865 [Worker-32: Building] INFO  o.e.m.c.i.embedder.EclipseLogger - Using 'UTF-8' encoding to copy filtered resources.
2020-11-29 12:50:27,865 [Worker-32: Building] INFO  o.e.m.c.i.embedder.EclipseLogger - skip non existing resourceDirectory C:\Users\OCTAVIO-LAPTOP\Dropbox\EDUCACION IT\Java Standard\Codigos\Clase02\Paquetes\src\main\resources
2020-11-29 12:50:27,868 [Worker-32: Building] INFO  o.e.m.c.i.embedder.EclipseLogger - Using 'UTF-8' encoding to copy filtered resources.
2020-11-29 12:50:27,868 [Worker-32: Building] INFO  o.e.m.c.i.embedder.EclipseLogger - skip non existing resourceDirectory C:\Users\OCTAVIO-LAPTOP\Dropbox\EDUCACION IT\Java Standard\Codigos\Clase02\Paquetes\src\test\resources
2020-11-29 12:51:01,514 [Worker-29: Building] INFO  o.e.m.c.i.embedder.EclipseLogger - Using 'UTF-8' encoding to copy filtered resources.
2020-11-29 12:51:01,515 [Worker-29: Building] INFO  o.e.m.c.i.embedder.EclipseLogger - skip non existing resourceDirectory C:\Users\OCTAVIO-LAPTOP\Dropbox\EDUCACION IT\Java Standard\Codigos\Clase02\Paquetes\src\main\resources
2020-11-29 12:51:01,518 [Worker-29: Building] INFO  o.e.m.c.i.embedder.EclipseLogger - Using 'UTF-8' encoding to copy filtered resources.
2020-11-29 12:51:01,519 [Worker-29: Building] INFO  o.e.m.c.i.embedder.EclipseLogger - skip non existing resourceDirectory C:\Users\OCTAVIO-LAPTOP\Dropbox\EDUCACION IT\Java Standard\Codigos\Clase02\Paquetes\src\test\resources
2020-11-29 12:51:19,694 [Worker-28: Building] INFO  o.e.m.c.i.embedder.EclipseLogger - Using 'UTF-8' encoding to copy filtered resources.
2020-11-29 12:51:19,695 [Worker-28: Building] INFO  o.e.m.c.i.embedder.EclipseLogger - skip non existing resourceDirectory C:\Users\OCTAVIO-LAPTOP\Dropbox\EDUCACION IT\Java Standard\Codigos\Clase02\Paquetes\src\main\resources
2020-11-29 12:51:19,698 [Worker-28: Building] INFO  o.e.m.c.i.embedder.EclipseLogger - Using 'UTF-8' encoding to copy filtered resources.
2020-11-29 12:51:19,698 [Worker-28: Building] INFO  o.e.m.c.i.embedder.EclipseLogger - skip non existing resourceDirectory C:\Users\OCTAVIO-LAPTOP\Dropbox\EDUCACION IT\Java Standard\Codigos\Clase02\Paquetes\src\test\resources
2020-11-29 12:52:05,612 [Worker-30: Building] INFO  o.e.m.c.i.embedder.EclipseLogger - Using 'UTF-8' encoding to copy filtered resources.
2020-11-29 12:52:05,613 [Worker-30: Building] INFO  o.e.m.c.i.embedder.EclipseLogger - skip non existing resourceDirectory C:\Users\OCTAVIO-LAPTOP\Dropbox\EDUCACION IT\Java Standard\Codigos\Clase02\Paquetes\src\main\resources
2020-11-29 12:52:05,616 [Worker-30: Building] INFO  o.e.m.c.i.embedder.EclipseLogger - Using 'UTF-8' encoding to copy filtered resources.
2020-11-29 12:52:05,616 [Worker-30: Building] INFO  o.e.m.c.i.embedder.EclipseLogger - skip non existing resourceDirectory C:\Users\OCTAVIO-LAPTOP\Dropbox\EDUCACION IT\Java Standard\Codigos\Clase02\Paquetes\src\test\resources
2020-11-29 12:52:11,974 [Worker-32: Building] INFO  o.e.m.c.i.embedder.EclipseLogger - Using 'UTF-8' encoding to copy filtered resources.
2020-11-29 12:52:11,975 [Worker-32: Building] INFO  o.e.m.c.i.embedder.EclipseLogger - skip non existing resourceDirectory C:\Users\OCTAVIO-LAPTOP\Dropbox\EDUCACION IT\Java Standard\Codigos\Clase02\Paquetes\src\main\resources
2020-11-29 12:52:11,978 [Worker-32: Building] INFO  o.e.m.c.i.embedder.EclipseLogger - Using 'UTF-8' encoding to copy filtered resources.
2020-11-29 12:52:11,978 [Worker-32: Building] INFO  o.e.m.c.i.embedder.EclipseLogger - skip non existing resourceDirectory C:\Users\OCTAVIO-LAPTOP\Dropbox\EDUCACION IT\Java Standard\Codigos\Clase02\Paquetes\src\test\resources
2020-11-29 12:52:38,824 [Worker-33: Building] INFO  o.e.m.c.i.embedder.EclipseLogger - Using 'UTF-8' encoding to copy filtered resources.
2020-11-29 12:52:38,825 [Worker-33: Building] INFO  o.e.m.c.i.embedder.EclipseLogger - skip non existing resourceDirectory C:\Users\OCTAVIO-LAPTOP\Dropbox\EDUCACION IT\Java Standard\Codigos\Clase02\Paquetes\src\main\resources
2020-11-29 12:52:38,828 [Worker-33: Building] INFO  o.e.m.c.i.embedder.EclipseLogger - Using 'UTF-8' encoding to copy filtered resources.
2020-11-29 12:52:38,828 [Worker-33: Building] INFO  o.e.m.c.i.embedder.EclipseLogger - skip non existing resourceDirectory C:\Users\OCTAVIO-LAPTOP\Dropbox\EDUCACION IT\Java Standard\Codigos\Clase02\Paquetes\src\test\resources
2020-11-29 12:53:23,756 [Worker-31: Building] INFO  o.e.m.c.i.embedder.EclipseLogger - Using 'UTF-8' encoding to copy filtered resources.
2020-11-29 12:53:23,756 [Worker-31: Building] INFO  o.e.m.c.i.embedder.EclipseLogger - skip non existing resourceDirectory C:\Users\OCTAVIO-LAPTOP\Dropbox\EDUCACION IT\Java Standard\Codigos\Clase02\Paquetes\src\main\resources
2020-11-29 12:53:23,759 [Worker-31: Building] INFO  o.e.m.c.i.embedder.EclipseLogger - Using 'UTF-8' encoding to copy filtered resources.
2020-11-29 12:53:23,760 [Worker-31: Building] INFO  o.e.m.c.i.embedder.EclipseLogger - skip non existing resourceDirectory C:\Users\OCTAVIO-LAPTOP\Dropbox\EDUCACION IT\Java Standard\Codigos\Clase02\Paquetes\src\test\resources
2020-11-29 12:53:27,956 [Worker-29: Building] INFO  o.e.m.c.i.embedder.EclipseLogger - Using 'UTF-8' encoding to copy filtered resources.
2020-11-29 12:53:27,957 [Worker-29: Building] INFO  o.e.m.c.i.embedder.EclipseLogger - skip non existing resourceDirectory C:\Users\OCTAVIO-LAPTOP\Dropbox\EDUCACION IT\Java Standard\Codigos\Clase02\Paquetes\src\main\resources
2020-11-29 12:53:27,960 [Worker-29: Building] INFO  o.e.m.c.i.embedder.EclipseLogger - Using 'UTF-8' encoding to copy filtered resources.
2020-11-29 12:53:27,960 [Worker-29: Building] INFO  o.e.m.c.i.embedder.EclipseLogger - skip non existing resourceDirectory C:\Users\OCTAVIO-LAPTOP\Dropbox\EDUCACION IT\Java Standard\Codigos\Clase02\Paquetes\src\test\resources
2020-11-29 12:53:47,748 [Worker-32: Building] INFO  o.e.m.c.i.embedder.EclipseLogger - Using 'UTF-8' encoding to copy filtered resources.
2020-11-29 12:53:47,748 [Worker-32: Building] INFO  o.e.m.c.i.embedder.EclipseLogger - skip non existing resourceDirectory C:\Users\OCTAVIO-LAPTOP\Dropbox\EDUCACION IT\Java Standard\Codigos\Clase02\Paquetes\src\main\resources
2020-11-29 12:53:47,751 [Worker-32: Building] INFO  o.e.m.c.i.embedder.EclipseLogger - Using 'UTF-8' encoding to copy filtered resources.
2020-11-29 12:53:47,751 [Worker-32: Building] INFO  o.e.m.c.i.embedder.EclipseLogger - skip non existing resourceDirectory C:\Users\OCTAVIO-LAPTOP\Dropbox\EDUCACION IT\Java Standard\Codigos\Clase02\Paquetes\src\test\resources
2020-11-29 12:53:48,866 [Worker-32: Building] INFO  o.e.m.c.i.embedder.EclipseLogger - Using 'UTF-8' encoding to copy filtered resources.
2020-11-29 12:53:48,867 [Worker-32: Building] INFO  o.e.m.c.i.embedder.EclipseLogger - skip non existing resourceDirectory C:\Users\OCTAVIO-LAPTOP\Dropbox\EDUCACION IT\Java Standard\Codigos\Clase02\Paquetes\src\main\resources
2020-11-29 12:53:48,869 [Worker-32: Building] INFO  o.e.m.c.i.embedder.EclipseLogger - Using 'UTF-8' encoding to copy filtered resources.
2020-11-29 12:53:48,870 [Worker-32: Building] INFO  o.e.m.c.i.embedder.EclipseLogger - skip non existing resourceDirectory C:\Users\OCTAVIO-LAPTOP\Dropbox\EDUCACION IT\Java Standard\Codigos\Clase02\Paquetes\src\test\resources
2020-11-29 12:53:54,095 [Worker-30: Building] INFO  o.e.m.c.i.embedder.EclipseLogger - Using 'UTF-8' encoding to copy filtered resources.
2020-11-29 12:53:54,095 [Worker-30: Building] INFO  o.e.m.c.i.embedder.EclipseLogger - skip non existing resourceDirectory C:\Users\OCTAVIO-LAPTOP\Dropbox\EDUCACION IT\Java Standard\Codigos\Clase02\Paquetes\src\main\resources
2020-11-29 12:53:54,098 [Worker-30: Building] INFO  o.e.m.c.i.embedder.EclipseLogger - Using 'UTF-8' encoding to copy filtered resources.
2020-11-29 12:53:54,099 [Worker-30: Building] INFO  o.e.m.c.i.embedder.EclipseLogger - skip non existing resourceDirectory C:\Users\OCTAVIO-LAPTOP\Dropbox\EDUCACION IT\Java Standard\Codigos\Clase02\Paquetes\src\test\resources
2020-11-29 12:54:03,007 [Worker-32: Building] INFO  o.e.m.c.i.embedder.EclipseLogger - Using 'UTF-8' encoding to copy filtered resources.
2020-11-29 12:54:03,008 [Worker-32: Building] INFO  o.e.m.c.i.embedder.EclipseLogger - skip non existing resourceDirectory C:\Users\OCTAVIO-LAPTOP\Dropbox\EDUCACION IT\Java Standard\Codigos\Clase02\Paquetes\src\main\resources
2020-11-29 12:54:03,011 [Worker-32: Building] INFO  o.e.m.c.i.embedder.EclipseLogger - Using 'UTF-8' encoding to copy filtered resources.
2020-11-29 12:54:03,012 [Worker-32: Building] INFO  o.e.m.c.i.embedder.EclipseLogger - skip non existing resourceDirectory C:\Users\OCTAVIO-LAPTOP\Dropbox\EDUCACION IT\Java Standard\Codigos\Clase02\Paquetes\src\test\resources
2020-11-29 12:54:23,463 [Worker-24: Building] INFO  o.e.m.c.i.embedder.EclipseLogger - Using 'UTF-8' encoding to copy filtered resources.
2020-11-29 12:54:23,464 [Worker-24: Building] INFO  o.e.m.c.i.embedder.EclipseLogger - skip non existing resourceDirectory C:\Users\OCTAVIO-LAPTOP\Dropbox\EDUCACION IT\Java Standard\Codigos\Clase02\Paquetes\src\main\resources
2020-11-29 12:54:23,467 [Worker-24: Building] INFO  o.e.m.c.i.embedder.EclipseLogger - Using 'UTF-8' encoding to copy filtered resources.
2020-11-29 12:54:23,468 [Worker-24: Building] INFO  o.e.m.c.i.embedder.EclipseLogger - skip non existing resourceDirectory C:\Users\OCTAVIO-LAPTOP\Dropbox\EDUCACION IT\Java Standard\Codigos\Clase02\Paquetes\src\test\resources
2020-11-29 12:54:39,916 [Worker-29: Building] INFO  o.e.m.c.i.embedder.EclipseLogger - Using 'UTF-8' encoding to copy filtered resources.
2020-11-29 12:54:39,917 [Worker-29: Building] INFO  o.e.m.c.i.embedder.EclipseLogger - skip non existing resourceDirectory C:\Users\OCTAVIO-LAPTOP\Dropbox\EDUCACION IT\Java Standard\Codigos\Clase02\Paquetes\src\main\resources
2020-11-29 12:54:39,921 [Worker-29: Building] INFO  o.e.m.c.i.embedder.EclipseLogger - Using 'UTF-8' encoding to copy filtered resources.
2020-11-29 12:54:39,921 [Worker-29: Building] INFO  o.e.m.c.i.embedder.EclipseLogger - skip non existing resourceDirectory C:\Users\OCTAVIO-LAPTOP\Dropbox\EDUCACION IT\Java Standard\Codigos\Clase02\Paquetes\src\test\resources
2020-11-29 12:54:43,750 [Worker-29: Building] INFO  o.e.m.c.i.embedder.EclipseLogger - Using 'UTF-8' encoding to copy filtered resources.
2020-11-29 12:54:43,751 [Worker-29: Building] INFO  o.e.m.c.i.embedder.EclipseLogger - skip non existing resourceDirectory C:\Users\OCTAVIO-LAPTOP\Dropbox\EDUCACION IT\Java Standard\Codigos\Clase02\Paquetes\src\main\resources
2020-11-29 12:54:43,753 [Worker-29: Building] INFO  o.e.m.c.i.embedder.EclipseLogger - Using 'UTF-8' encoding to copy filtered resources.
2020-11-29 12:54:43,754 [Worker-29: Building] INFO  o.e.m.c.i.embedder.EclipseLogger - skip non existing resourceDirectory C:\Users\OCTAVIO-LAPTOP\Dropbox\EDUCACION IT\Java Standard\Codigos\Clase02\Paquetes\src\test\resources
2020-11-29 12:54:56,601 [Worker-28: Building Workspace] INFO  o.e.m.c.i.embedder.EclipseLogger - Using 'UTF-8' encoding to copy filtered resources.
2020-11-29 12:54:56,601 [Worker-28: Building Workspace] INFO  o.e.m.c.i.embedder.EclipseLogger - skip non existing resourceDirectory C:\Users\OCTAVIO-LAPTOP\Dropbox\EDUCACION IT\Java Standard\Codigos\Clase02\Paquetes\src\main\resources
2020-11-29 12:54:56,605 [Worker-28: Building Workspace] INFO  o.e.m.c.i.embedder.EclipseLogger - Using 'UTF-8' encoding to copy filtered resources.
2020-11-29 12:54:56,605 [Worker-28: Building Workspace] INFO  o.e.m.c.i.embedder.EclipseLogger - skip non existing resourceDirectory C:\Users\OCTAVIO-LAPTOP\Dropbox\EDUCACION IT\Java Standard\Codigos\Clase02\Paquetes\src\test\resources
2020-11-29 12:55:26,200 [Worker-28: Building] INFO  o.e.m.c.i.embedder.EclipseLogger - Using 'UTF-8' encoding to copy filtered resources.
2020-11-29 12:55:26,201 [Worker-28: Building] INFO  o.e.m.c.i.embedder.EclipseLogger - skip non existing resourceDirectory C:\Users\OCTAVIO-LAPTOP\Dropbox\EDUCACION IT\Java Standard\Codigos\Clase02\Paquetes\src\main\resources
2020-11-29 12:55:26,207 [Worker-28: Building] INFO  o.e.m.c.i.embedder.EclipseLogger - Using 'UTF-8' encoding to copy filtered resources.
2020-11-29 12:55:26,208 [Worker-28: Building] INFO  o.e.m.c.i.embedder.EclipseLogger - skip non existing resourceDirectory C:\Users\OCTAVIO-LAPTOP\Dropbox\EDUCACION IT\Java Standard\Codigos\Clase02\Paquetes\src\test\resources
2020-11-29 12:55:30,855 [Worker-28: Building] INFO  o.e.m.c.i.embedder.EclipseLogger - Using 'UTF-8' encoding to copy filtered resources.
2020-11-29 12:55:30,856 [Worker-28: Building] INFO  o.e.m.c.i.embedder.EclipseLogger - skip non existing resourceDirectory C:\Users\OCTAVIO-LAPTOP\Dropbox\EDUCACION IT\Java Standard\Codigos\Clase02\Paquetes\src\main\resources
2020-11-29 12:55:30,859 [Worker-28: Building] INFO  o.e.m.c.i.embedder.EclipseLogger - Using 'UTF-8' encoding to copy filtered resources.
2020-11-29 12:55:30,859 [Worker-28: Building] INFO  o.e.m.c.i.embedder.EclipseLogger - skip non existing resourceDirectory C:\Users\OCTAVIO-LAPTOP\Dropbox\EDUCACION IT\Java Standard\Codigos\Clase02\Paquetes\src\test\resources
2020-11-29 12:55:46,795 [Worker-29: Building] INFO  o.e.m.c.i.embedder.EclipseLogger - Using 'UTF-8' encoding to copy filtered resources.
2020-11-29 12:55:46,796 [Worker-29: Building] INFO  o.e.m.c.i.embedder.EclipseLogger - skip non existing resourceDirectory C:\Users\OCTAVIO-LAPTOP\Dropbox\EDUCACION IT\Java Standard\Codigos\Clase02\Paquetes\src\main\resources
2020-11-29 12:55:46,798 [Worker-29: Building] INFO  o.e.m.c.i.embedder.EclipseLogger - Using 'UTF-8' encoding to copy filtered resources.
2020-11-29 12:55:46,799 [Worker-29: Building] INFO  o.e.m.c.i.embedder.EclipseLogger - skip non existing resourceDirectory C:\Users\OCTAVIO-LAPTOP\Dropbox\EDUCACION IT\Java Standard\Codigos\Clase02\Paquetes\src\test\resources
2020-11-29 12:56:38,216 [Worker-28: Building] INFO  o.e.m.c.i.embedder.EclipseLogger - Using 'UTF-8' encoding to copy filtered resources.
2020-11-29 12:56:38,217 [Worker-28: Building] INFO  o.e.m.c.i.embedder.EclipseLogger - skip non existing resourceDirectory C:\Users\OCTAVIO-LAPTOP\Dropbox\EDUCACION IT\Java Standard\Codigos\Clase02\Paquetes\src\main\resources
2020-11-29 12:56:38,221 [Worker-28: Building] INFO  o.e.m.c.i.embedder.EclipseLogger - Using 'UTF-8' encoding to copy filtered resources.
2020-11-29 12:56:38,221 [Worker-28: Building] INFO  o.e.m.c.i.embedder.EclipseLogger - skip non existing resourceDirectory C:\Users\OCTAVIO-LAPTOP\Dropbox\EDUCACION IT\Java Standard\Codigos\Clase02\Paquetes\src\test\resources
2020-11-29 12:56:57,896 [Worker-28: Building] INFO  o.e.m.c.i.embedder.EclipseLogger - Using 'UTF-8' encoding to copy filtered resources.
2020-11-29 12:56:57,897 [Worker-28: Building] INFO  o.e.m.c.i.embedder.EclipseLogger - skip non existing resourceDirectory C:\Users\OCTAVIO-LAPTOP\Dropbox\EDUCACION IT\Java Standard\Codigos\Clase02\Paquetes\src\main\resources
2020-11-29 12:56:57,902 [Worker-28: Building] INFO  o.e.m.c.i.embedder.EclipseLogger - Using 'UTF-8' encoding to copy filtered resources.
2020-11-29 12:56:57,902 [Worker-28: Building] INFO  o.e.m.c.i.embedder.EclipseLogger - skip non existing resourceDirectory C:\Users\OCTAVIO-LAPTOP\Dropbox\EDUCACION IT\Java Standard\Codigos\Clase02\Paquetes\src\test\resources
2020-11-29 12:57:09,834 [Worker-30: Building] INFO  o.e.m.c.i.embedder.EclipseLogger - Using 'UTF-8' encoding to copy filtered resources.
2020-11-29 12:57:09,835 [Worker-30: Building] INFO  o.e.m.c.i.embedder.EclipseLogger - skip non existing resourceDirectory C:\Users\OCTAVIO-LAPTOP\Dropbox\EDUCACION IT\Java Standard\Codigos\Clase02\Paquetes\src\main\resources
2020-11-29 12:57:09,837 [Worker-30: Building] INFO  o.e.m.c.i.embedder.EclipseLogger - Using 'UTF-8' encoding to copy filtered resources.
2020-11-29 12:57:09,838 [Worker-30: Building] INFO  o.e.m.c.i.embedder.EclipseLogger - skip non existing resourceDirectory C:\Users\OCTAVIO-LAPTOP\Dropbox\EDUCACION IT\Java Standard\Codigos\Clase02\Paquetes\src\test\resources
2020-11-29 13:00:22,325 [Worker-36: Building] INFO  o.e.m.c.i.embedder.EclipseLogger - Using 'UTF-8' encoding to copy filtered resources.
2020-11-29 13:00:22,326 [Worker-36: Building] INFO  o.e.m.c.i.embedder.EclipseLogger - skip non existing resourceDirectory C:\Users\OCTAVIO-LAPTOP\Dropbox\EDUCACION IT\Java Standard\Codigos\Clase02\Paquetes\src\main\resources
2020-11-29 13:00:22,329 [Worker-36: Building] INFO  o.e.m.c.i.embedder.EclipseLogger - Using 'UTF-8' encoding to copy filtered resources.
2020-11-29 13:00:22,329 [Worker-36: Building] INFO  o.e.m.c.i.embedder.EclipseLogger - skip non existing resourceDirectory C:\Users\OCTAVIO-LAPTOP\Dropbox\EDUCACION IT\Java Standard\Codigos\Clase02\Paquetes\src\test\resources
2020-11-29 13:00:36,853 [Worker-33: Building] INFO  o.e.m.c.i.embedder.EclipseLogger - Using 'UTF-8' encoding to copy filtered resources.
2020-11-29 13:00:36,854 [Worker-33: Building] INFO  o.e.m.c.i.embedder.EclipseLogger - skip non existing resourceDirectory C:\Users\OCTAVIO-LAPTOP\Dropbox\EDUCACION IT\Java Standard\Codigos\Clase02\Paquetes\src\main\resources
2020-11-29 13:00:36,857 [Worker-33: Building] INFO  o.e.m.c.i.embedder.EclipseLogger - Using 'UTF-8' encoding to copy filtered resources.
2020-11-29 13:00:36,858 [Worker-33: Building] INFO  o.e.m.c.i.embedder.EclipseLogger - skip non existing resourceDirectory C:\Users\OCTAVIO-LAPTOP\Dropbox\EDUCACION IT\Java Standard\Codigos\Clase02\Paquetes\src\test\resources
2020-11-29 13:00:38,196 [Worker-33: Building] INFO  o.e.m.c.i.embedder.EclipseLogger - Using 'UTF-8' encoding to copy filtered resources.
2020-11-29 13:00:38,196 [Worker-33: Building] INFO  o.e.m.c.i.embedder.EclipseLogger - skip non existing resourceDirectory C:\Users\OCTAVIO-LAPTOP\Dropbox\EDUCACION IT\Java Standard\Codigos\Clase02\Paquetes\src\main\resources
2020-11-29 13:00:38,199 [Worker-33: Building] INFO  o.e.m.c.i.embedder.EclipseLogger - Using 'UTF-8' encoding to copy filtered resources.
2020-11-29 13:00:38,199 [Worker-33: Building] INFO  o.e.m.c.i.embedder.EclipseLogger - skip non existing resourceDirectory C:\Users\OCTAVIO-LAPTOP\Dropbox\EDUCACION IT\Java Standard\Codigos\Clase02\Paquetes\src\test\resources
2020-11-29 13:00:56,890 [Worker-28: Building] INFO  o.e.m.c.i.embedder.EclipseLogger - Using 'UTF-8' encoding to copy filtered resources.
2020-11-29 13:00:56,890 [Worker-28: Building] INFO  o.e.m.c.i.embedder.EclipseLogger - skip non existing resourceDirectory C:\Users\OCTAVIO-LAPTOP\Dropbox\EDUCACION IT\Java Standard\Codigos\Clase02\Paquetes\src\main\resources
2020-11-29 13:00:56,893 [Worker-28: Building] INFO  o.e.m.c.i.embedder.EclipseLogger - Using 'UTF-8' encoding to copy filtered resources.
2020-11-29 13:00:56,894 [Worker-28: Building] INFO  o.e.m.c.i.embedder.EclipseLogger - skip non existing resourceDirectory C:\Users\OCTAVIO-LAPTOP\Dropbox\EDUCACION IT\Java Standard\Codigos\Clase02\Paquetes\src\test\resources
2020-11-29 13:01:15,777 [Worker-33: Building] INFO  o.e.m.c.i.embedder.EclipseLogger - Using 'UTF-8' encoding to copy filtered resources.
2020-11-29 13:01:15,778 [Worker-33: Building] INFO  o.e.m.c.i.embedder.EclipseLogger - skip non existing resourceDirectory C:\Users\OCTAVIO-LAPTOP\Dropbox\EDUCACION IT\Java Standard\Codigos\Clase02\Paquetes\src\main\resources
2020-11-29 13:01:15,780 [Worker-33: Building] INFO  o.e.m.c.i.embedder.EclipseLogger - Using 'UTF-8' encoding to copy filtered resources.
2020-11-29 13:01:15,781 [Worker-33: Building] INFO  o.e.m.c.i.embedder.EclipseLogger - skip non existing resourceDirectory C:\Users\OCTAVIO-LAPTOP\Dropbox\EDUCACION IT\Java Standard\Codigos\Clase02\Paquetes\src\test\resources
2020-11-29 13:06:12,559 [Worker-40: Building] INFO  o.e.m.c.i.embedder.EclipseLogger - Using 'UTF-8' encoding to copy filtered resources.
2020-11-29 13:06:12,560 [Worker-40: Building] INFO  o.e.m.c.i.embedder.EclipseLogger - skip non existing resourceDirectory C:\Users\OCTAVIO-LAPTOP\Dropbox\EDUCACION IT\Java Standard\Codigos\Clase02\Paquetes\src\main\resources
2020-11-29 13:06:12,564 [Worker-40: Building] INFO  o.e.m.c.i.embedder.EclipseLogger - Using 'UTF-8' encoding to copy filtered resources.
2020-11-29 13:06:12,568 [Worker-40: Building] INFO  o.e.m.c.i.embedder.EclipseLogger - skip non existing resourceDirectory C:\Users\OCTAVIO-LAPTOP\Dropbox\EDUCACION IT\Java Standard\Codigos\Clase02\Paquetes\src\test\resources
2020-11-29 13:06:18,348 [Worker-38: Building] INFO  o.e.m.c.i.embedder.EclipseLogger - Using 'UTF-8' encoding to copy filtered resources.
2020-11-29 13:06:18,349 [Worker-38: Building] INFO  o.e.m.c.i.embedder.EclipseLogger - skip non existing resourceDirectory C:\Users\OCTAVIO-LAPTOP\Dropbox\EDUCACION IT\Java Standard\Codigos\Clase02\Paquetes\src\main\resources
2020-11-29 13:06:18,352 [Worker-38: Building] INFO  o.e.m.c.i.embedder.EclipseLogger - Using 'UTF-8' encoding to copy filtered resources.
2020-11-29 13:06:18,353 [Worker-38: Building] INFO  o.e.m.c.i.embedder.EclipseLogger - skip non existing resourceDirectory C:\Users\OCTAVIO-LAPTOP\Dropbox\EDUCACION IT\Java Standard\Codigos\Clase02\Paquetes\src\test\resources
2020-11-29 13:06:33,400 [Worker-40: Building] INFO  o.e.m.c.i.embedder.EclipseLogger - Using 'UTF-8' encoding to copy filtered resources.
2020-11-29 13:06:33,401 [Worker-40: Building] INFO  o.e.m.c.i.embedder.EclipseLogger - skip non existing resourceDirectory C:\Users\OCTAVIO-LAPTOP\Dropbox\EDUCACION IT\Java Standard\Codigos\Clase02\Paquetes\src\main\resources
2020-11-29 13:06:33,403 [Worker-40: Building] INFO  o.e.m.c.i.embedder.EclipseLogger - Using 'UTF-8' encoding to copy filtered resources.
2020-11-29 13:06:33,406 [Worker-40: Building] INFO  o.e.m.c.i.embedder.EclipseLogger - skip non existing resourceDirectory C:\Users\OCTAVIO-LAPTOP\Dropbox\EDUCACION IT\Java Standard\Codigos\Clase02\Paquetes\src\test\resources
2020-11-29 13:06:38,264 [Worker-38: Building] INFO  o.e.m.c.i.embedder.EclipseLogger - Using 'UTF-8' encoding to copy filtered resources.
2020-11-29 13:06:38,264 [Worker-38: Building] INFO  o.e.m.c.i.embedder.EclipseLogger - skip non existing resourceDirectory C:\Users\OCTAVIO-LAPTOP\Dropbox\EDUCACION IT\Java Standard\Codigos\Clase02\Paquetes\src\main\resources
2020-11-29 13:06:38,267 [Worker-38: Building] INFO  o.e.m.c.i.embedder.EclipseLogger - Using 'UTF-8' encoding to copy filtered resources.
2020-11-29 13:06:38,268 [Worker-38: Building] INFO  o.e.m.c.i.embedder.EclipseLogger - skip non existing resourceDirectory C:\Users\OCTAVIO-LAPTOP\Dropbox\EDUCACION IT\Java Standard\Codigos\Clase02\Paquetes\src\test\resources
2020-11-29 13:09:46,475 [Worker-38: Building] INFO  o.e.m.c.i.embedder.EclipseLogger - Using 'UTF-8' encoding to copy filtered resources.
2020-11-29 13:09:46,475 [Worker-38: Building] INFO  o.e.m.c.i.embedder.EclipseLogger - skip non existing resourceDirectory C:\Users\OCTAVIO-LAPTOP\Dropbox\EDUCACION IT\Java Standard\Codigos\Clase02\Paquetes\src\main\resources
2020-11-29 13:09:46,478 [Worker-38: Building] INFO  o.e.m.c.i.embedder.EclipseLogger - Using 'UTF-8' encoding to copy filtered resources.
2020-11-29 13:09:46,479 [Worker-38: Building] INFO  o.e.m.c.i.embedder.EclipseLogger - skip non existing resourceDirectory C:\Users\OCTAVIO-LAPTOP\Dropbox\EDUCACION IT\Java Standard\Codigos\Clase02\Paquetes\src\test\resources
2020-11-29 13:09:47,753 [Worker-46: Building] INFO  o.e.m.c.i.embedder.EclipseLogger - Using 'UTF-8' encoding to copy filtered resources.
2020-11-29 13:09:47,753 [Worker-46: Building] INFO  o.e.m.c.i.embedder.EclipseLogger - skip non existing resourceDirectory C:\Users\OCTAVIO-LAPTOP\Dropbox\EDUCACION IT\Java Standard\Codigos\Clase02\Paquetes\src\main\resources
2020-11-29 13:09:47,756 [Worker-46: Building] INFO  o.e.m.c.i.embedder.EclipseLogger - Using 'UTF-8' encoding to copy filtered resources.
2020-11-29 13:09:47,757 [Worker-46: Building] INFO  o.e.m.c.i.embedder.EclipseLogger - skip non existing resourceDirectory C:\Users\OCTAVIO-LAPTOP\Dropbox\EDUCACION IT\Java Standard\Codigos\Clase02\Paquetes\src\test\resources
2020-11-29 13:09:50,204 [Worker-46: Building] INFO  o.e.m.c.i.embedder.EclipseLogger - Using 'UTF-8' encoding to copy filtered resources.
2020-11-29 13:09:50,205 [Worker-46: Building] INFO  o.e.m.c.i.embedder.EclipseLogger - skip non existing resourceDirectory C:\Users\OCTAVIO-LAPTOP\Dropbox\EDUCACION IT\Java Standard\Codigos\Clase02\Paquetes\src\main\resources
2020-11-29 13:09:50,208 [Worker-46: Building] INFO  o.e.m.c.i.embedder.EclipseLogger - Using 'UTF-8' encoding to copy filtered resources.
2020-11-29 13:09:50,208 [Worker-46: Building] INFO  o.e.m.c.i.embedder.EclipseLogger - skip non existing resourceDirectory C:\Users\OCTAVIO-LAPTOP\Dropbox\EDUCACION IT\Java Standard\Codigos\Clase02\Paquetes\src\test\resources
2020-11-29 13:09:57,376 [Worker-46: Building] INFO  o.e.m.c.i.embedder.EclipseLogger - Using 'UTF-8' encoding to copy filtered resources.
2020-11-29 13:09:57,376 [Worker-46: Building] INFO  o.e.m.c.i.embedder.EclipseLogger - skip non existing resourceDirectory C:\Users\OCTAVIO-LAPTOP\Dropbox\EDUCACION IT\Java Standard\Codigos\Clase02\Paquetes\src\main\resources
2020-11-29 13:09:57,380 [Worker-46: Building] INFO  o.e.m.c.i.embedder.EclipseLogger - Using 'UTF-8' encoding to copy filtered resources.
2020-11-29 13:09:57,380 [Worker-46: Building] INFO  o.e.m.c.i.embedder.EclipseLogger - skip non existing resourceDirectory C:\Users\OCTAVIO-LAPTOP\Dropbox\EDUCACION IT\Java Standard\Codigos\Clase02\Paquetes\src\test\resources
2020-11-29 13:10:09,874 [Worker-45: Building] INFO  o.e.m.c.i.embedder.EclipseLogger - Using 'UTF-8' encoding to copy filtered resources.
2020-11-29 13:10:09,875 [Worker-45: Building] INFO  o.e.m.c.i.embedder.EclipseLogger - skip non existing resourceDirectory C:\Users\OCTAVIO-LAPTOP\Dropbox\EDUCACION IT\Java Standard\Codigos\Clase02\Paquetes\src\main\resources
2020-11-29 13:10:09,878 [Worker-45: Building] INFO  o.e.m.c.i.embedder.EclipseLogger - Using 'UTF-8' encoding to copy filtered resources.
2020-11-29 13:10:09,879 [Worker-45: Building] INFO  o.e.m.c.i.embedder.EclipseLogger - skip non existing resourceDirectory C:\Users\OCTAVIO-LAPTOP\Dropbox\EDUCACION IT\Java Standard\Codigos\Clase02\Paquetes\src\test\resources
2020-11-29 13:10:51,947 [Worker-38: Building] INFO  o.e.m.c.i.embedder.EclipseLogger - Using 'UTF-8' encoding to copy filtered resources.
2020-11-29 13:10:51,948 [Worker-38: Building] INFO  o.e.m.c.i.embedder.EclipseLogger - skip non existing resourceDirectory C:\Users\OCTAVIO-LAPTOP\Dropbox\EDUCACION IT\Java Standard\Codigos\Clase02\Paquetes\src\main\resources
2020-11-29 13:10:51,951 [Worker-38: Building] INFO  o.e.m.c.i.embedder.EclipseLogger - Using 'UTF-8' encoding to copy filtered resources.
2020-11-29 13:10:51,951 [Worker-38: Building] INFO  o.e.m.c.i.embedder.EclipseLogger - skip non existing resourceDirectory C:\Users\OCTAVIO-LAPTOP\Dropbox\EDUCACION IT\Java Standard\Codigos\Clase02\Paquetes\src\test\resources
2020-11-29 13:11:14,066 [Worker-46: Building] INFO  o.e.m.c.i.embedder.EclipseLogger - Using 'UTF-8' encoding to copy filtered resources.
2020-11-29 13:11:14,066 [Worker-46: Building] INFO  o.e.m.c.i.embedder.EclipseLogger - skip non existing resourceDirectory C:\Users\OCTAVIO-LAPTOP\Dropbox\EDUCACION IT\Java Standard\Codigos\Clase02\Paquetes\src\main\resources
2020-11-29 13:11:14,070 [Worker-46: Building] INFO  o.e.m.c.i.embedder.EclipseLogger - Using 'UTF-8' encoding to copy filtered resources.
2020-11-29 13:11:14,071 [Worker-46: Building] INFO  o.e.m.c.i.embedder.EclipseLogger - skip non existing resourceDirectory C:\Users\OCTAVIO-LAPTOP\Dropbox\EDUCACION IT\Java Standard\Codigos\Clase02\Paquetes\src\test\resources
2020-11-29 13:11:39,130 [Worker-38: Building] INFO  o.e.m.c.i.embedder.EclipseLogger - Using 'UTF-8' encoding to copy filtered resources.
2020-11-29 13:11:39,131 [Worker-38: Building] INFO  o.e.m.c.i.embedder.EclipseLogger - skip non existing resourceDirectory C:\Users\OCTAVIO-LAPTOP\Dropbox\EDUCACION IT\Java Standard\Codigos\Clase02\Paquetes\src\main\resources
2020-11-29 13:11:39,134 [Worker-38: Building] INFO  o.e.m.c.i.embedder.EclipseLogger - Using 'UTF-8' encoding to copy filtered resources.
2020-11-29 13:11:39,134 [Worker-38: Building] INFO  o.e.m.c.i.embedder.EclipseLogger - skip non existing resourceDirectory C:\Users\OCTAVIO-LAPTOP\Dropbox\EDUCACION IT\Java Standard\Codigos\Clase02\Paquetes\src\test\resources
2020-11-29 13:11:43,339 [Worker-44: Building] INFO  o.e.m.c.i.embedder.EclipseLogger - Using 'UTF-8' encoding to copy filtered resources.
2020-11-29 13:11:43,339 [Worker-44: Building] INFO  o.e.m.c.i.embedder.EclipseLogger - skip non existing resourceDirectory C:\Users\OCTAVIO-LAPTOP\Dropbox\EDUCACION IT\Java Standard\Codigos\Clase02\Paquetes\src\main\resources
2020-11-29 13:11:43,342 [Worker-44: Building] INFO  o.e.m.c.i.embedder.EclipseLogger - Using 'UTF-8' encoding to copy filtered resources.
2020-11-29 13:11:43,342 [Worker-44: Building] INFO  o.e.m.c.i.embedder.EclipseLogger - skip non existing resourceDirectory C:\Users\OCTAVIO-LAPTOP\Dropbox\EDUCACION IT\Java Standard\Codigos\Clase02\Paquetes\src\test\resources
2020-11-29 13:12:13,300 [Worker-47: Building] INFO  o.e.m.c.i.embedder.EclipseLogger - Using 'UTF-8' encoding to copy filtered resources.
2020-11-29 13:12:13,301 [Worker-47: Building] INFO  o.e.m.c.i.embedder.EclipseLogger - skip non existing resourceDirectory C:\Users\OCTAVIO-LAPTOP\Dropbox\EDUCACION IT\Java Standard\Codigos\Clase02\Paquetes\src\main\resources
2020-11-29 13:12:13,304 [Worker-47: Building] INFO  o.e.m.c.i.embedder.EclipseLogger - Using 'UTF-8' encoding to copy filtered resources.
2020-11-29 13:12:13,304 [Worker-47: Building] INFO  o.e.m.c.i.embedder.EclipseLogger - skip non existing resourceDirectory C:\Users\OCTAVIO-LAPTOP\Dropbox\EDUCACION IT\Java Standard\Codigos\Clase02\Paquetes\src\test\resources
2020-11-29 13:12:32,319 [Worker-42: Building] INFO  o.e.m.c.i.embedder.EclipseLogger - Using 'UTF-8' encoding to copy filtered resources.
2020-11-29 13:12:32,319 [Worker-42: Building] INFO  o.e.m.c.i.embedder.EclipseLogger - skip non existing resourceDirectory C:\Users\OCTAVIO-LAPTOP\Dropbox\EDUCACION IT\Java Standard\Codigos\Clase02\Paquetes\src\main\resources
2020-11-29 13:12:32,322 [Worker-42: Building] INFO  o.e.m.c.i.embedder.EclipseLogger - Using 'UTF-8' encoding to copy filtered resources.
2020-11-29 13:12:32,323 [Worker-42: Building] INFO  o.e.m.c.i.embedder.EclipseLogger - skip non existing resourceDirectory C:\Users\OCTAVIO-LAPTOP\Dropbox\EDUCACION IT\Java Standard\Codigos\Clase02\Paquetes\src\test\resources
2020-11-29 13:12:38,446 [Worker-42: Building] INFO  o.e.m.c.i.embedder.EclipseLogger - Using 'UTF-8' encoding to copy filtered resources.
2020-11-29 13:12:38,447 [Worker-42: Building] INFO  o.e.m.c.i.embedder.EclipseLogger - skip non existing resourceDirectory C:\Users\OCTAVIO-LAPTOP\Dropbox\EDUCACION IT\Java Standard\Codigos\Clase02\Paquetes\src\main\resources
2020-11-29 13:12:38,450 [Worker-42: Building] INFO  o.e.m.c.i.embedder.EclipseLogger - Using 'UTF-8' encoding to copy filtered resources.
2020-11-29 13:12:38,450 [Worker-42: Building] INFO  o.e.m.c.i.embedder.EclipseLogger - skip non existing resourceDirectory C:\Users\OCTAVIO-LAPTOP\Dropbox\EDUCACION IT\Java Standard\Codigos\Clase02\Paquetes\src\test\resources
2020-11-29 13:12:48,343 [Worker-38: Building] INFO  o.e.m.c.i.embedder.EclipseLogger - Using 'UTF-8' encoding to copy filtered resources.
2020-11-29 13:12:48,343 [Worker-38: Building] INFO  o.e.m.c.i.embedder.EclipseLogger - skip non existing resourceDirectory C:\Users\OCTAVIO-LAPTOP\Dropbox\EDUCACION IT\Java Standard\Codigos\Clase02\Paquetes\src\main\resources
2020-11-29 13:12:48,346 [Worker-38: Building] INFO  o.e.m.c.i.embedder.EclipseLogger - Using 'UTF-8' encoding to copy filtered resources.
2020-11-29 13:12:48,346 [Worker-38: Building] INFO  o.e.m.c.i.embedder.EclipseLogger - skip non existing resourceDirectory C:\Users\OCTAVIO-LAPTOP\Dropbox\EDUCACION IT\Java Standard\Codigos\Clase02\Paquetes\src\test\resources
2020-11-29 13:13:37,093 [Worker-47: Building] INFO  o.e.m.c.i.embedder.EclipseLogger - Using 'UTF-8' encoding to copy filtered resources.
2020-11-29 13:13:37,095 [Worker-47: Building] INFO  o.e.m.c.i.embedder.EclipseLogger - skip non existing resourceDirectory C:\Users\OCTAVIO-LAPTOP\Dropbox\EDUCACION IT\Java Standard\Codigos\Clase02\Paquetes\src\main\resources
2020-11-29 13:13:37,098 [Worker-47: Building] INFO  o.e.m.c.i.embedder.EclipseLogger - Using 'UTF-8' encoding to copy filtered resources.
2020-11-29 13:13:37,098 [Worker-47: Building] INFO  o.e.m.c.i.embedder.EclipseLogger - skip non existing resourceDirectory C:\Users\OCTAVIO-LAPTOP\Dropbox\EDUCACION IT\Java Standard\Codigos\Clase02\Paquetes\src\test\resources
2020-11-29 13:14:52,647 [Worker-47: Building] INFO  o.e.m.c.i.embedder.EclipseLogger - Using 'UTF-8' encoding to copy filtered resources.
2020-11-29 13:14:52,648 [Worker-47: Building] INFO  o.e.m.c.i.embedder.EclipseLogger - skip non existing resourceDirectory C:\Users\OCTAVIO-LAPTOP\Dropbox\EDUCACION IT\Java Standard\Codigos\Clase02\Paquetes\src\main\resources
2020-11-29 13:14:52,651 [Worker-47: Building] INFO  o.e.m.c.i.embedder.EclipseLogger - Using 'UTF-8' encoding to copy filtered resources.
2020-11-29 13:14:52,651 [Worker-47: Building] INFO  o.e.m.c.i.embedder.EclipseLogger - skip non existing resourceDirectory C:\Users\OCTAVIO-LAPTOP\Dropbox\EDUCACION IT\Java Standard\Codigos\Clase02\Paquetes\src\test\resources
2020-11-29 13:32:40,595 [Worker-45: Creating maven-archetype-quickstart] INFO  o.e.m.c.i.p.ProjectConfigurationManager - Collecting project info '/pom.xml' C:\Users\OCTAVIO-LAPTOP\Dropbox\EDUCACION IT\Java Standard\Codigos\Clase02\Encapsulamiento\pom.xml
2020-11-29 13:32:40,860 [Worker-45: Creating maven-archetype-quickstart] INFO  o.e.m.c.i.l.LifecycleMappingFactory - Using org.eclipse.m2e.jdt.JarLifecycleMapping lifecycle mapping for MavenProject: com.educacionIT.javase:Encapsulamiento:0.0.1-SNAPSHOT @ C:\Users\OCTAVIO-LAPTOP\Dropbox\EDUCACION IT\Java Standard\Codigos\Clase02\Encapsulamiento\pom.xml.
2020-11-29 13:32:41,073 [Worker-45: Creating maven-archetype-quickstart] INFO  o.e.m.j.i.AbstractJavaProjectConfigurator - Adding source folder /Encapsulamiento/src/main/java
2020-11-29 13:32:41,088 [Worker-45: Creating maven-archetype-quickstart] INFO  o.e.m.j.i.AbstractJavaProjectConfigurator - Adding source folder /Encapsulamiento/src/test/java
2020-11-29 13:32:41,259 [Worker-45: Creating maven-archetype-quickstart] INFO  o.e.m.c.i.p.ProjectConfigurationManager - Imported and configured 1 project(s) in 0 sec
2020-11-29 13:32:42,030 [Worker-42: Building] INFO  o.e.m.c.i.embedder.EclipseLogger - Using 'UTF-8' encoding to copy filtered resources.
2020-11-29 13:32:42,030 [Worker-42: Building] INFO  o.e.m.c.i.embedder.EclipseLogger - skip non existing resourceDirectory C:\Users\OCTAVIO-LAPTOP\Dropbox\EDUCACION IT\Java Standard\Codigos\Clase02\Encapsulamiento\src\main\resources
2020-11-29 13:32:42,033 [Worker-42: Building] INFO  o.e.m.c.i.embedder.EclipseLogger - Using 'UTF-8' encoding to copy filtered resources.
2020-11-29 13:32:42,034 [Worker-42: Building] INFO  o.e.m.c.i.embedder.EclipseLogger - skip non existing resourceDirectory C:\Users\OCTAVIO-LAPTOP\Dropbox\EDUCACION IT\Java Standard\Codigos\Clase02\Encapsulamiento\src\test\resources
2020-11-29 13:33:47,798 [Worker-49: Building] INFO  o.e.m.c.i.embedder.EclipseLogger - Using 'UTF-8' encoding to copy filtered resources.
2020-11-29 13:33:47,799 [Worker-49: Building] INFO  o.e.m.c.i.embedder.EclipseLogger - skip non existing resourceDirectory C:\Users\OCTAVIO-LAPTOP\Dropbox\EDUCACION IT\Java Standard\Codigos\Clase02\Encapsulamiento\src\main\resources
2020-11-29 13:33:47,804 [Worker-49: Building] INFO  o.e.m.c.i.embedder.EclipseLogger - Using 'UTF-8' encoding to copy filtered resources.
2020-11-29 13:33:47,804 [Worker-49: Building] INFO  o.e.m.c.i.embedder.EclipseLogger - skip non existing resourceDirectory C:\Users\OCTAVIO-LAPTOP\Dropbox\EDUCACION IT\Java Standard\Codigos\Clase02\Encapsulamiento\src\test\resources
2020-11-29 13:35:48,078 [Worker-42: Building] INFO  o.e.m.c.i.embedder.EclipseLogger - Using 'UTF-8' encoding to copy filtered resources.
2020-11-29 13:35:48,079 [Worker-42: Building] INFO  o.e.m.c.i.embedder.EclipseLogger - skip non existing resourceDirectory C:\Users\OCTAVIO-LAPTOP\Dropbox\EDUCACION IT\Java Standard\Codigos\Clase02\Encapsulamiento\src\main\resources
2020-11-29 13:35:48,081 [Worker-42: Building] INFO  o.e.m.c.i.embedder.EclipseLogger - Using 'UTF-8' encoding to copy filtered resources.
2020-11-29 13:35:48,082 [Worker-42: Building] INFO  o.e.m.c.i.embedder.EclipseLogger - skip non existing resourceDirectory C:\Users\OCTAVIO-LAPTOP\Dropbox\EDUCACION IT\Java Standard\Codigos\Clase02\Encapsulamiento\src\test\resources
2020-11-29 13:35:58,344 [Worker-50: Building] INFO  o.e.m.c.i.embedder.EclipseLogger - Using 'UTF-8' encoding to copy filtered resources.
2020-11-29 13:35:58,345 [Worker-50: Building] INFO  o.e.m.c.i.embedder.EclipseLogger - skip non existing resourceDirectory C:\Users\OCTAVIO-LAPTOP\Dropbox\EDUCACION IT\Java Standard\Codigos\Clase02\Encapsulamiento\src\main\resources
2020-11-29 13:35:58,348 [Worker-50: Building] INFO  o.e.m.c.i.embedder.EclipseLogger - Using 'UTF-8' encoding to copy filtered resources.
2020-11-29 13:35:58,349 [Worker-50: Building] INFO  o.e.m.c.i.embedder.EclipseLogger - skip non existing resourceDirectory C:\Users\OCTAVIO-LAPTOP\Dropbox\EDUCACION IT\Java Standard\Codigos\Clase02\Encapsulamiento\src\test\resources
2020-11-29 13:36:18,627 [Worker-42: Building] INFO  o.e.m.c.i.embedder.EclipseLogger - Using 'UTF-8' encoding to copy filtered resources.
2020-11-29 13:36:18,628 [Worker-42: Building] INFO  o.e.m.c.i.embedder.EclipseLogger - skip non existing resourceDirectory C:\Users\OCTAVIO-LAPTOP\Dropbox\EDUCACION IT\Java Standard\Codigos\Clase02\Encapsulamiento\src\main\resources
2020-11-29 13:36:18,631 [Worker-42: Building] INFO  o.e.m.c.i.embedder.EclipseLogger - Using 'UTF-8' encoding to copy filtered resources.
2020-11-29 13:36:18,631 [Worker-42: Building] INFO  o.e.m.c.i.embedder.EclipseLogger - skip non existing resourceDirectory C:\Users\OCTAVIO-LAPTOP\Dropbox\EDUCACION IT\Java Standard\Codigos\Clase02\Encapsulamiento\src\test\resources
2020-11-29 13:36:19,815 [Worker-42: Building] INFO  o.e.m.c.i.embedder.EclipseLogger - Using 'UTF-8' encoding to copy filtered resources.
2020-11-29 13:36:19,815 [Worker-42: Building] INFO  o.e.m.c.i.embedder.EclipseLogger - skip non existing resourceDirectory C:\Users\OCTAVIO-LAPTOP\Dropbox\EDUCACION IT\Java Standard\Codigos\Clase02\Encapsulamiento\src\main\resources
2020-11-29 13:36:19,818 [Worker-42: Building] INFO  o.e.m.c.i.embedder.EclipseLogger - Using 'UTF-8' encoding to copy filtered resources.
2020-11-29 13:36:19,818 [Worker-42: Building] INFO  o.e.m.c.i.embedder.EclipseLogger - skip non existing resourceDirectory C:\Users\OCTAVIO-LAPTOP\Dropbox\EDUCACION IT\Java Standard\Codigos\Clase02\Encapsulamiento\src\test\resources
2020-11-29 13:37:14,688 [Worker-49: Building] INFO  o.e.m.c.i.embedder.EclipseLogger - Using 'UTF-8' encoding to copy filtered resources.
2020-11-29 13:37:14,688 [Worker-49: Building] INFO  o.e.m.c.i.embedder.EclipseLogger - skip non existing resourceDirectory C:\Users\OCTAVIO-LAPTOP\Dropbox\EDUCACION IT\Java Standard\Codigos\Clase02\Encapsulamiento\src\main\resources
2020-11-29 13:37:14,691 [Worker-49: Building] INFO  o.e.m.c.i.embedder.EclipseLogger - Using 'UTF-8' encoding to copy filtered resources.
2020-11-29 13:37:14,691 [Worker-49: Building] INFO  o.e.m.c.i.embedder.EclipseLogger - skip non existing resourceDirectory C:\Users\OCTAVIO-LAPTOP\Dropbox\EDUCACION IT\Java Standard\Codigos\Clase02\Encapsulamiento\src\test\resources
2020-11-29 13:37:17,237 [Worker-51: Building] INFO  o.e.m.c.i.embedder.EclipseLogger - Using 'UTF-8' encoding to copy filtered resources.
2020-11-29 13:37:17,238 [Worker-51: Building] INFO  o.e.m.c.i.embedder.EclipseLogger - skip non existing resourceDirectory C:\Users\OCTAVIO-LAPTOP\Dropbox\EDUCACION IT\Java Standard\Codigos\Clase02\Encapsulamiento\src\main\resources
2020-11-29 13:37:17,240 [Worker-51: Building] INFO  o.e.m.c.i.embedder.EclipseLogger - Using 'UTF-8' encoding to copy filtered resources.
2020-11-29 13:37:17,241 [Worker-51: Building] INFO  o.e.m.c.i.embedder.EclipseLogger - skip non existing resourceDirectory C:\Users\OCTAVIO-LAPTOP\Dropbox\EDUCACION IT\Java Standard\Codigos\Clase02\Encapsulamiento\src\test\resources
2020-11-29 13:38:23,692 [Worker-50: Building] INFO  o.e.m.c.i.embedder.EclipseLogger - Using 'UTF-8' encoding to copy filtered resources.
2020-11-29 13:38:23,693 [Worker-50: Building] INFO  o.e.m.c.i.embedder.EclipseLogger - skip non existing resourceDirectory C:\Users\OCTAVIO-LAPTOP\Dropbox\EDUCACION IT\Java Standard\Codigos\Clase02\Encapsulamiento\src\main\resources
2020-11-29 13:38:23,696 [Worker-50: Building] INFO  o.e.m.c.i.embedder.EclipseLogger - Using 'UTF-8' encoding to copy filtered resources.
2020-11-29 13:38:23,696 [Worker-50: Building] INFO  o.e.m.c.i.embedder.EclipseLogger - skip non existing resourceDirectory C:\Users\OCTAVIO-LAPTOP\Dropbox\EDUCACION IT\Java Standard\Codigos\Clase02\Encapsulamiento\src\test\resources
2020-11-29 13:38:45,216 [Worker-42: Building] INFO  o.e.m.c.i.embedder.EclipseLogger - Using 'UTF-8' encoding to copy filtered resources.
2020-11-29 13:38:45,217 [Worker-42: Building] INFO  o.e.m.c.i.embedder.EclipseLogger - skip non existing resourceDirectory C:\Users\OCTAVIO-LAPTOP\Dropbox\EDUCACION IT\Java Standard\Codigos\Clase02\Encapsulamiento\src\main\resources
2020-11-29 13:38:45,219 [Worker-42: Building] INFO  o.e.m.c.i.embedder.EclipseLogger - Using 'UTF-8' encoding to copy filtered resources.
2020-11-29 13:38:45,219 [Worker-42: Building] INFO  o.e.m.c.i.embedder.EclipseLogger - skip non existing resourceDirectory C:\Users\OCTAVIO-LAPTOP\Dropbox\EDUCACION IT\Java Standard\Codigos\Clase02\Encapsulamiento\src\test\resources
2020-11-29 13:38:50,292 [Worker-51: Building] INFO  o.e.m.c.i.embedder.EclipseLogger - Using 'UTF-8' encoding to copy filtered resources.
2020-11-29 13:38:50,293 [Worker-51: Building] INFO  o.e.m.c.i.embedder.EclipseLogger - skip non existing resourceDirectory C:\Users\OCTAVIO-LAPTOP\Dropbox\EDUCACION IT\Java Standard\Codigos\Clase02\Encapsulamiento\src\main\resources
2020-11-29 13:38:50,295 [Worker-51: Building] INFO  o.e.m.c.i.embedder.EclipseLogger - Using 'UTF-8' encoding to copy filtered resources.
2020-11-29 13:38:50,296 [Worker-51: Building] INFO  o.e.m.c.i.embedder.EclipseLogger - skip non existing resourceDirectory C:\Users\OCTAVIO-LAPTOP\Dropbox\EDUCACION IT\Java Standard\Codigos\Clase02\Encapsulamiento\src\test\resources
2020-11-29 13:39:08,085 [Worker-49: Building] INFO  o.e.m.c.i.embedder.EclipseLogger - Using 'UTF-8' encoding to copy filtered resources.
2020-11-29 13:39:08,086 [Worker-49: Building] INFO  o.e.m.c.i.embedder.EclipseLogger - skip non existing resourceDirectory C:\Users\OCTAVIO-LAPTOP\Dropbox\EDUCACION IT\Java Standard\Codigos\Clase02\Encapsulamiento\src\main\resources
2020-11-29 13:39:08,088 [Worker-49: Building] INFO  o.e.m.c.i.embedder.EclipseLogger - Using 'UTF-8' encoding to copy filtered resources.
2020-11-29 13:39:08,089 [Worker-49: Building] INFO  o.e.m.c.i.embedder.EclipseLogger - skip non existing resourceDirectory C:\Users\OCTAVIO-LAPTOP\Dropbox\EDUCACION IT\Java Standard\Codigos\Clase02\Encapsulamiento\src\test\resources
2020-11-29 13:39:12,219 [Worker-49: Building] INFO  o.e.m.c.i.embedder.EclipseLogger - Using 'UTF-8' encoding to copy filtered resources.
2020-11-29 13:39:12,219 [Worker-49: Building] INFO  o.e.m.c.i.embedder.EclipseLogger - skip non existing resourceDirectory C:\Users\OCTAVIO-LAPTOP\Dropbox\EDUCACION IT\Java Standard\Codigos\Clase02\Encapsulamiento\src\main\resources
2020-11-29 13:39:12,222 [Worker-49: Building] INFO  o.e.m.c.i.embedder.EclipseLogger - Using 'UTF-8' encoding to copy filtered resources.
2020-11-29 13:39:12,222 [Worker-49: Building] INFO  o.e.m.c.i.embedder.EclipseLogger - skip non existing resourceDirectory C:\Users\OCTAVIO-LAPTOP\Dropbox\EDUCACION IT\Java Standard\Codigos\Clase02\Encapsulamiento\src\test\resources
2020-11-29 13:40:33,776 [Worker-51: Building] INFO  o.e.m.c.i.embedder.EclipseLogger - Using 'UTF-8' encoding to copy filtered resources.
2020-11-29 13:40:33,776 [Worker-51: Building] INFO  o.e.m.c.i.embedder.EclipseLogger - skip non existing resourceDirectory C:\Users\OCTAVIO-LAPTOP\Dropbox\EDUCACION IT\Java Standard\Codigos\Clase02\Encapsulamiento\src\main\resources
2020-11-29 13:40:33,778 [Worker-51: Building] INFO  o.e.m.c.i.embedder.EclipseLogger - Using 'UTF-8' encoding to copy filtered resources.
2020-11-29 13:40:33,779 [Worker-51: Building] INFO  o.e.m.c.i.embedder.EclipseLogger - skip non existing resourceDirectory C:\Users\OCTAVIO-LAPTOP\Dropbox\EDUCACION IT\Java Standard\Codigos\Clase02\Encapsulamiento\src\test\resources
2020-11-29 13:40:39,769 [Worker-45: Building] INFO  o.e.m.c.i.embedder.EclipseLogger - Using 'UTF-8' encoding to copy filtered resources.
2020-11-29 13:40:39,770 [Worker-45: Building] INFO  o.e.m.c.i.embedder.EclipseLogger - skip non existing resourceDirectory C:\Users\OCTAVIO-LAPTOP\Dropbox\EDUCACION IT\Java Standard\Codigos\Clase02\Encapsulamiento\src\main\resources
2020-11-29 13:40:39,773 [Worker-45: Building] INFO  o.e.m.c.i.embedder.EclipseLogger - Using 'UTF-8' encoding to copy filtered resources.
2020-11-29 13:40:39,773 [Worker-45: Building] INFO  o.e.m.c.i.embedder.EclipseLogger - skip non existing resourceDirectory C:\Users\OCTAVIO-LAPTOP\Dropbox\EDUCACION IT\Java Standard\Codigos\Clase02\Encapsulamiento\src\test\resources
2020-11-29 13:40:46,606 [Worker-45: Building] INFO  o.e.m.c.i.embedder.EclipseLogger - Using 'UTF-8' encoding to copy filtered resources.
2020-11-29 13:40:46,607 [Worker-45: Building] INFO  o.e.m.c.i.embedder.EclipseLogger - skip non existing resourceDirectory C:\Users\OCTAVIO-LAPTOP\Dropbox\EDUCACION IT\Java Standard\Codigos\Clase02\Encapsulamiento\src\main\resources
2020-11-29 13:40:46,609 [Worker-45: Building] INFO  o.e.m.c.i.embedder.EclipseLogger - Using 'UTF-8' encoding to copy filtered resources.
2020-11-29 13:40:46,610 [Worker-45: Building] INFO  o.e.m.c.i.embedder.EclipseLogger - skip non existing resourceDirectory C:\Users\OCTAVIO-LAPTOP\Dropbox\EDUCACION IT\Java Standard\Codigos\Clase02\Encapsulamiento\src\test\resources
2020-11-29 13:41:03,424 [Worker-45: Building] INFO  o.e.m.c.i.embedder.EclipseLogger - Using 'UTF-8' encoding to copy filtered resources.
2020-11-29 13:41:03,425 [Worker-45: Building] INFO  o.e.m.c.i.embedder.EclipseLogger - skip non existing resourceDirectory C:\Users\OCTAVIO-LAPTOP\Dropbox\EDUCACION IT\Java Standard\Codigos\Clase02\Encapsulamiento\src\main\resources
2020-11-29 13:41:03,427 [Worker-45: Building] INFO  o.e.m.c.i.embedder.EclipseLogger - Using 'UTF-8' encoding to copy filtered resources.
2020-11-29 13:41:03,428 [Worker-45: Building] INFO  o.e.m.c.i.embedder.EclipseLogger - skip non existing resourceDirectory C:\Users\OCTAVIO-LAPTOP\Dropbox\EDUCACION IT\Java Standard\Codigos\Clase02\Encapsulamiento\src\test\resources
2020-11-29 13:41:13,689 [Worker-49: Building] INFO  o.e.m.c.i.embedder.EclipseLogger - Using 'UTF-8' encoding to copy filtered resources.
2020-11-29 13:41:13,691 [Worker-49: Building] INFO  o.e.m.c.i.embedder.EclipseLogger - skip non existing resourceDirectory C:\Users\OCTAVIO-LAPTOP\Dropbox\EDUCACION IT\Java Standard\Codigos\Clase02\Encapsulamiento\src\main\resources
2020-11-29 13:41:13,694 [Worker-49: Building] INFO  o.e.m.c.i.embedder.EclipseLogger - Using 'UTF-8' encoding to copy filtered resources.
2020-11-29 13:41:13,694 [Worker-49: Building] INFO  o.e.m.c.i.embedder.EclipseLogger - skip non existing resourceDirectory C:\Users\OCTAVIO-LAPTOP\Dropbox\EDUCACION IT\Java Standard\Codigos\Clase02\Encapsulamiento\src\test\resources
